#
# There is insufficient memory for the Java Runtime Environment to continue.
# Native memory allocation (malloc) failed to allocate 756656 bytes for Chunk::new
# Possible reasons:
#   The system is out of physical RAM or swap space
#   In 32 bit mode, the process size limit was hit
# Possible solutions:
#   Reduce memory load on the system
#   Increase physical memory or swap space
#   Check if swap backing store is full
#   Use 64 bit Java on a 64 bit OS
#   Decrease Java heap size (-Xmx/-Xms)
#   Decrease number of Java threads
#   Decrease Java thread stack sizes (-Xss)
#   Set larger code cache with -XX:ReservedCodeCacheSize=
# This output file may be truncated or incomplete.
#
#  Out of Memory Error (allocation.cpp:390), pid=20816, tid=0x0000000000001170
#
# JRE version: Java(TM) SE Runtime Environment (8.0_151-b12) (build 1.8.0_151-b12)
# Java VM: Java HotSpot(TM) 64-Bit Server VM (25.151-b12 mixed mode windows-amd64 compressed oops)
# Failed to write core dump. Minidumps are not enabled by default on client versions of Windows
#

---------------  T H R E A D  ---------------

Current thread (0x00000000186de000):  JavaThread "C2 CompilerThread0" daemon [_thread_in_native, id=4464, stack(0x0000000018c20000,0x0000000018d20000)]

Stack: [0x0000000018c20000,0x0000000018d20000]
[error occurred during error reporting (printing stack bounds), id 0xc0000005]

Native frames: (J=compiled Java code, j=interpreted, Vv=VM code, C=native code)


Current CompileTask:
C2: 228389 7214   !   4       java.net.URLClassLoader::getResourceAsStream (137 bytes)


---------------  P R O C E S S  ---------------

Java Threads: ( => current thread )
  0x000000001dee4800 JavaThread "CleanCursors-67-thread-1" daemon [_thread_blocked, id=17704, stack(0x0000000031990000,0x0000000031a90000)]
  0x000000001dee3800 JavaThread "cluster-ClusterId{value='5a701c4c6768e7515078fbd8', description='null'}-192.168.1.110:27017" daemon [_thread_blocked, id=12780, stack(0x0000000031890000,0x0000000031990000)]
  0x000000001dee3000 JavaThread "CleanCursors-66-thread-1" daemon [_thread_blocked, id=17192, stack(0x0000000031790000,0x0000000031890000)]
  0x000000001e027800 JavaThread "cluster-ClusterId{value='5a701c4c6768e7515078fbd7', description='null'}-192.168.1.110:27017" daemon [_thread_blocked, id=5848, stack(0x0000000031690000,0x0000000031790000)]
  0x000000001e025800 JavaThread "CleanCursors-65-thread-1" daemon [_thread_blocked, id=21412, stack(0x0000000031590000,0x0000000031690000)]
  0x000000001e024800 JavaThread "cluster-ClusterId{value='5a701c4c6768e7515078fbd6', description='null'}-192.168.1.110:27017" daemon [_thread_blocked, id=2648, stack(0x0000000031490000,0x0000000031590000)]
  0x000000001e026000 JavaThread "CleanCursors-64-thread-1" daemon [_thread_blocked, id=4056, stack(0x0000000031390000,0x0000000031490000)]
  0x000000001e024000 JavaThread "cluster-ClusterId{value='5a701c4c6768e7515078fbd5', description='null'}-192.168.1.110:27017" daemon [_thread_blocked, id=8304, stack(0x0000000031290000,0x0000000031390000)]
  0x000000001e023000 JavaThread "CleanCursors-63-thread-1" daemon [_thread_blocked, id=20496, stack(0x0000000031190000,0x0000000031290000)]
  0x000000001e027000 JavaThread "cluster-ClusterId{value='5a701c4c6768e7515078fbd4', description='null'}-192.168.1.110:27017" daemon [_thread_blocked, id=11724, stack(0x0000000031090000,0x0000000031190000)]
  0x000000001e028800 JavaThread "CleanCursors-62-thread-1" daemon [_thread_blocked, id=6604, stack(0x0000000030f90000,0x0000000031090000)]
  0x000000001e01b800 JavaThread "cluster-ClusterId{value='5a701c4c6768e7515078fbd3', description='null'}-192.168.1.110:27017" daemon [_thread_blocked, id=19244, stack(0x0000000030e90000,0x0000000030f90000)]
  0x000000001e022800 JavaThread "nioEventLoopGroup-3-9" [_thread_in_native, id=18140, stack(0x0000000030d90000,0x0000000030e90000)]
  0x000000001e021800 JavaThread "CleanCursors-61-thread-1" daemon [_thread_blocked, id=12200, stack(0x0000000030c90000,0x0000000030d90000)]
  0x000000001e021000 JavaThread "cluster-ClusterId{value='5a701c4c6768e7515078fbd1', description='null'}-192.168.1.110:27017" daemon [_thread_blocked, id=21880, stack(0x0000000030b90000,0x0000000030c90000)]
  0x000000001e01b000 JavaThread "CleanCursors-60-thread-1" daemon [_thread_blocked, id=9076, stack(0x0000000030a90000,0x0000000030b90000)]
  0x000000001e019800 JavaThread "cluster-ClusterId{value='5a701c4b6768e7515078fbd0', description='null'}-192.168.1.110:27017" daemon [_thread_blocked, id=18600, stack(0x0000000030990000,0x0000000030a90000)]
  0x000000001e01f800 JavaThread "CleanCursors-59-thread-1" daemon [_thread_blocked, id=8380, stack(0x0000000030730000,0x0000000030830000)]
  0x000000001e01d000 JavaThread "cluster-ClusterId{value='5a701c4b6768e7515078fbcf', description='null'}-192.168.1.110:27017" daemon [_thread_blocked, id=18296, stack(0x0000000030630000,0x0000000030730000)]
  0x000000001e01c800 JavaThread "CleanCursors-58-thread-1" daemon [_thread_blocked, id=4244, stack(0x0000000030530000,0x0000000030630000)]
  0x000000001e020000 JavaThread "cluster-ClusterId{value='5a701c4a6768e7515078fbce', description='null'}-192.168.1.110:27017" daemon [_thread_blocked, id=20120, stack(0x0000000030430000,0x0000000030530000)]
  0x000000001e01e800 JavaThread "CleanCursors-57-thread-1" daemon [_thread_blocked, id=6672, stack(0x0000000030330000,0x0000000030430000)]
  0x000000001e01e000 JavaThread "cluster-ClusterId{value='5a701c4a6768e7515078fbcd', description='null'}-192.168.1.110:27017" daemon [_thread_blocked, id=17180, stack(0x0000000030230000,0x0000000030330000)]
  0x000000001e01a000 JavaThread "CleanCursors-56-thread-1" daemon [_thread_blocked, id=19652, stack(0x0000000030130000,0x0000000030230000)]
  0x000000001da7b000 JavaThread "cluster-ClusterId{value='5a701c4a6768e7515078fbcc', description='null'}-192.168.1.110:27017" daemon [_thread_blocked, id=10964, stack(0x0000000030030000,0x0000000030130000)]
  0x000000001da7c800 JavaThread "CleanCursors-55-thread-1" daemon [_thread_blocked, id=3704, stack(0x000000002ff30000,0x0000000030030000)]
  0x000000001da81000 JavaThread "cluster-ClusterId{value='5a701c4a6768e7515078fbcb', description='null'}-192.168.1.110:27017" daemon [_thread_blocked, id=12096, stack(0x000000002fe30000,0x000000002ff30000)]
  0x000000001da79800 JavaThread "nioEventLoopGroup-3-8" [_thread_in_native, id=19580, stack(0x000000002ed20000,0x000000002ee20000)]
  0x000000001da80800 JavaThread "CleanCursors-54-thread-1" daemon [_thread_blocked, id=8132, stack(0x000000002ec20000,0x000000002ed20000)]
  0x000000001da7f800 JavaThread "cluster-ClusterId{value='5a701c4a6768e7515078fbc9', description='null'}-192.168.1.110:27017" daemon [_thread_blocked, id=20412, stack(0x000000002eb20000,0x000000002ec20000)]
  0x000000001da7a800 JavaThread "CleanCursors-53-thread-1" daemon [_thread_blocked, id=6912, stack(0x000000002ea20000,0x000000002eb20000)]
  0x000000001da7f000 JavaThread "cluster-ClusterId{value='5a701c486768e7515078fbc8', description='null'}-192.168.1.110:27017" daemon [_thread_blocked, id=11084, stack(0x000000002e920000,0x000000002ea20000)]
  0x000000001da7e000 JavaThread "CleanCursors-52-thread-1" daemon [_thread_blocked, id=3392, stack(0x000000002e820000,0x000000002e920000)]
  0x000000001da7c000 JavaThread "cluster-ClusterId{value='5a701c486768e7515078fbc7', description='null'}-192.168.1.110:27017" daemon [_thread_blocked, id=19028, stack(0x000000002e720000,0x000000002e820000)]
  0x000000001da7d800 JavaThread "CleanCursors-51-thread-1" daemon [_thread_blocked, id=14012, stack(0x000000002e620000,0x000000002e720000)]
  0x000000001da72000 JavaThread "cluster-ClusterId{value='5a701c486768e7515078fbc6', description='null'}-192.168.1.110:27017" daemon [_thread_blocked, id=16996, stack(0x000000002e520000,0x000000002e620000)]
  0x000000001da79000 JavaThread "CleanCursors-50-thread-1" daemon [_thread_blocked, id=18048, stack(0x000000002e420000,0x000000002e520000)]
  0x000000001da78000 JavaThread "cluster-ClusterId{value='5a701c486768e7515078fbc5', description='null'}-192.168.1.110:27017" daemon [_thread_blocked, id=14792, stack(0x000000002e320000,0x000000002e420000)]
  0x000000001da76800 JavaThread "CleanCursors-49-thread-1" daemon [_thread_blocked, id=11048, stack(0x000000002e220000,0x000000002e320000)]
  0x000000001da75800 JavaThread "cluster-ClusterId{value='5a701c486768e7515078fbc4', description='null'}-192.168.1.110:27017" daemon [_thread_blocked, id=21260, stack(0x000000002e120000,0x000000002e220000)]
  0x000000001da77800 JavaThread "CleanCursors-48-thread-1" daemon [_thread_blocked, id=516, stack(0x000000002e020000,0x000000002e120000)]
  0x000000001da73800 JavaThread "cluster-ClusterId{value='5a701c486768e7515078fbc3', description='null'}-192.168.1.110:27017" daemon [_thread_blocked, id=11680, stack(0x000000002df20000,0x000000002e020000)]
  0x000000001da74000 JavaThread "nioEventLoopGroup-3-7" [_thread_in_native, id=10380, stack(0x000000002ce10000,0x000000002cf10000)]
  0x000000001da75000 JavaThread "CleanCursors-47-thread-1" daemon [_thread_blocked, id=12160, stack(0x000000002cd10000,0x000000002ce10000)]
  0x000000001da72800 JavaThread "cluster-ClusterId{value='5a701bad6768e7515078fbc1', description='null'}-192.168.1.110:27017" daemon [_thread_blocked, id=11908, stack(0x000000002cc10000,0x000000002cd10000)]
  0x000000001bf1b800 JavaThread "CleanCursors-46-thread-1" daemon [_thread_blocked, id=20252, stack(0x000000002cb10000,0x000000002cc10000)]
  0x000000001bf1e800 JavaThread "cluster-ClusterId{value='5a701bac6768e7515078fbc0', description='null'}-192.168.1.110:27017" daemon [_thread_blocked, id=1896, stack(0x000000002ca10000,0x000000002cb10000)]
  0x000000001bf20800 JavaThread "CleanCursors-45-thread-1" daemon [_thread_blocked, id=17584, stack(0x000000002c910000,0x000000002ca10000)]
  0x000000001bf1d000 JavaThread "cluster-ClusterId{value='5a701bac6768e7515078fbbf', description='null'}-192.168.1.110:27017" daemon [_thread_blocked, id=800, stack(0x000000002c810000,0x000000002c910000)]
  0x000000001bf21000 JavaThread "CleanCursors-44-thread-1" daemon [_thread_blocked, id=16912, stack(0x000000002c710000,0x000000002c810000)]
  0x000000001bf1c800 JavaThread "cluster-ClusterId{value='5a701bac6768e7515078fbbe', description='null'}-192.168.1.110:27017" daemon [_thread_blocked, id=7808, stack(0x000000002c610000,0x000000002c710000)]
  0x000000001bf1b000 JavaThread "CleanCursors-43-thread-1" daemon [_thread_blocked, id=9188, stack(0x000000002c510000,0x000000002c610000)]
  0x000000001bf1e000 JavaThread "cluster-ClusterId{value='5a701bac6768e7515078fbbd', description='null'}-192.168.1.110:27017" daemon [_thread_blocked, id=14096, stack(0x000000002c410000,0x000000002c510000)]
  0x000000001bf1a000 JavaThread "CleanCursors-42-thread-1" daemon [_thread_blocked, id=4276, stack(0x000000002c310000,0x000000002c410000)]
  0x000000001bf1f800 JavaThread "cluster-ClusterId{value='5a701bac6768e7515078fbbc', description='null'}-192.168.1.110:27017" daemon [_thread_blocked, id=21440, stack(0x000000002c210000,0x000000002c310000)]
  0x000000001bf12800 JavaThread "CleanCursors-41-thread-1" daemon [_thread_blocked, id=21768, stack(0x000000002c110000,0x000000002c210000)]
  0x000000001bf19800 JavaThread "cluster-ClusterId{value='5a701bac6768e7515078fbbb', description='null'}-192.168.1.110:27017" daemon [_thread_blocked, id=1584, stack(0x000000002c010000,0x000000002c110000)]
  0x000000001bf12000 JavaThread "CleanCursors-40-thread-1" daemon [_thread_blocked, id=17224, stack(0x000000002bf10000,0x000000002c010000)]
  0x000000001bf18000 JavaThread "cluster-ClusterId{value='5a701bac6768e7515078fbba', description='null'}-192.168.1.110:27017" daemon [_thread_blocked, id=12788, stack(0x000000002be10000,0x000000002bf10000)]
  0x000000001bf13800 JavaThread "nioEventLoopGroup-3-6" [_thread_in_native, id=2608, stack(0x000000002ad00000,0x000000002ae00000)]
  0x000000001bf17000 JavaThread "CleanCursors-39-thread-1" daemon [_thread_blocked, id=10144, stack(0x000000002ac00000,0x000000002ad00000)]
  0x000000001bf15000 JavaThread "cluster-ClusterId{value='5a701bac6768e7515078fbb8', description='null'}-192.168.1.110:27017" daemon [_thread_blocked, id=5468, stack(0x000000002ab00000,0x000000002ac00000)]
  0x000000001bf18800 JavaThread "CleanCursors-38-thread-1" daemon [_thread_blocked, id=20956, stack(0x000000002aa00000,0x000000002ab00000)]
  0x000000001bf16800 JavaThread "cluster-ClusterId{value='5a701bab6768e7515078fbb7', description='null'}-192.168.1.110:27017" daemon [_thread_blocked, id=15004, stack(0x000000002a900000,0x000000002aa00000)]
  0x000000001bf14000 JavaThread "CleanCursors-37-thread-1" daemon [_thread_blocked, id=11992, stack(0x000000002a800000,0x000000002a900000)]
  0x000000001bf15800 JavaThread "cluster-ClusterId{value='5a701bab6768e7515078fbb6', description='null'}-192.168.1.110:27017" daemon [_thread_blocked, id=15992, stack(0x000000002a700000,0x000000002a800000)]
  0x000000001bec5000 JavaThread "CleanCursors-36-thread-1" daemon [_thread_blocked, id=7692, stack(0x000000002a600000,0x000000002a700000)]
  0x000000001bec9000 JavaThread "cluster-ClusterId{value='5a701bab6768e7515078fbb5', description='null'}-192.168.1.110:27017" daemon [_thread_blocked, id=17544, stack(0x000000002a500000,0x000000002a600000)]
  0x000000001bec4800 JavaThread "CleanCursors-35-thread-1" daemon [_thread_blocked, id=9544, stack(0x000000002a400000,0x000000002a500000)]
  0x000000001bec8800 JavaThread "cluster-ClusterId{value='5a701bab6768e7515078fbb4', description='null'}-192.168.1.110:27017" daemon [_thread_blocked, id=9724, stack(0x000000002a300000,0x000000002a400000)]
  0x000000001bec7800 JavaThread "CleanCursors-34-thread-1" daemon [_thread_blocked, id=15760, stack(0x000000002a200000,0x000000002a300000)]
  0x000000001bec6800 JavaThread "cluster-ClusterId{value='5a701bab6768e7515078fbb3', description='null'}-192.168.1.110:27017" daemon [_thread_blocked, id=14952, stack(0x000000002a100000,0x000000002a200000)]
  0x000000001bebd000 JavaThread "CleanCursors-33-thread-1" daemon [_thread_blocked, id=19820, stack(0x000000002a000000,0x000000002a100000)]
  0x000000001bec3800 JavaThread "cluster-ClusterId{value='5a701bab6768e7515078fbb2', description='null'}-192.168.1.110:27017" daemon [_thread_blocked, id=22192, stack(0x0000000029f00000,0x000000002a000000)]
  0x000000001bebc000 JavaThread "CleanCursors-32-thread-1" daemon [_thread_blocked, id=17684, stack(0x0000000029e00000,0x0000000029f00000)]
  0x000000001bec1800 JavaThread "cluster-ClusterId{value='5a701bab6768e7515078fbb1', description='null'}-192.168.1.110:27017" daemon [_thread_blocked, id=17080, stack(0x0000000029d00000,0x0000000029e00000)]
  0x000000001bec2000 JavaThread "nioEventLoopGroup-3-5" [_thread_in_native, id=18464, stack(0x0000000028bf0000,0x0000000028cf0000)]
  0x000000001bec0800 JavaThread "CleanCursors-31-thread-1" daemon [_thread_blocked, id=22448, stack(0x0000000028af0000,0x0000000028bf0000)]
  0x000000001bec3000 JavaThread "cluster-ClusterId{value='5a701baa6768e7515078fbaf', description='null'}-192.168.1.110:27017" daemon [_thread_blocked, id=22428, stack(0x00000000289f0000,0x0000000028af0000)]
  0x000000001bec0000 JavaThread "CleanCursors-30-thread-1" daemon [_thread_blocked, id=11288, stack(0x00000000288f0000,0x00000000289f0000)]
  0x000000001bebf000 JavaThread "cluster-ClusterId{value='5a701baa6768e7515078fbae', description='null'}-192.168.1.110:27017" daemon [_thread_blocked, id=4580, stack(0x00000000287f0000,0x00000000288f0000)]
  0x000000001bebd800 JavaThread "CleanCursors-29-thread-1" daemon [_thread_blocked, id=9700, stack(0x00000000286f0000,0x00000000287f0000)]
  0x000000001bebb800 JavaThread "cluster-ClusterId{value='5a701baa6768e7515078fbad', description='null'}-192.168.1.110:27017" daemon [_thread_blocked, id=13648, stack(0x00000000285f0000,0x00000000286f0000)]
  0x000000001bebe800 JavaThread "CleanCursors-28-thread-1" daemon [_thread_blocked, id=14824, stack(0x00000000284f0000,0x00000000285f0000)]
  0x000000001beba000 JavaThread "cluster-ClusterId{value='5a701ba96768e7515078fbac', description='null'}-192.168.1.110:27017" daemon [_thread_blocked, id=15728, stack(0x00000000283f0000,0x00000000284f0000)]
  0x000000001b63d800 JavaThread "CleanCursors-27-thread-1" daemon [_thread_blocked, id=6432, stack(0x00000000282f0000,0x00000000283f0000)]
  0x000000001b63d000 JavaThread "cluster-ClusterId{value='5a701ba96768e7515078fbab', description='null'}-192.168.1.110:27017" daemon [_thread_blocked, id=8584, stack(0x00000000281f0000,0x00000000282f0000)]
  0x000000001b63b800 JavaThread "CleanCursors-26-thread-1" daemon [_thread_blocked, id=2628, stack(0x00000000280f0000,0x00000000281f0000)]
  0x000000001b63a800 JavaThread "cluster-ClusterId{value='5a701ba96768e7515078fbaa', description='null'}-192.168.1.110:27017" daemon [_thread_blocked, id=18932, stack(0x0000000027ff0000,0x00000000280f0000)]
  0x000000001b637800 JavaThread "CleanCursors-25-thread-1" daemon [_thread_blocked, id=22056, stack(0x0000000027ef0000,0x0000000027ff0000)]
  0x000000001b63c000 JavaThread "cluster-ClusterId{value='5a701ba96768e7515078fba9', description='null'}-192.168.1.110:27017" daemon [_thread_blocked, id=5232, stack(0x0000000027df0000,0x0000000027ef0000)]
  0x000000001b639000 JavaThread "CleanCursors-24-thread-1" daemon [_thread_blocked, id=9360, stack(0x0000000027cf0000,0x0000000027df0000)]
  0x000000001b634800 JavaThread "cluster-ClusterId{value='5a701ba96768e7515078fba8', description='null'}-192.168.1.110:27017" daemon [_thread_blocked, id=15276, stack(0x0000000027bf0000,0x0000000027cf0000)]
  0x000000001b636800 JavaThread "nioEventLoopGroup-3-4" [_thread_in_native, id=11412, stack(0x0000000026ae0000,0x0000000026be0000)]
  0x000000001b638000 JavaThread "CleanCursors-23-thread-1" daemon [_thread_blocked, id=5884, stack(0x00000000269e0000,0x0000000026ae0000)]
  0x000000001b63a000 JavaThread "cluster-ClusterId{value='5a701ba96768e7515078fba6', description='null'}-192.168.1.110:27017" daemon [_thread_blocked, id=3292, stack(0x00000000268e0000,0x00000000269e0000)]
  0x000000001b636000 JavaThread "CleanCursors-22-thread-1" daemon [_thread_blocked, id=6840, stack(0x00000000267e0000,0x00000000268e0000)]
  0x000000001b62f000 JavaThread "cluster-ClusterId{value='5a701ba86768e7515078fba5', description='null'}-192.168.1.110:27017" daemon [_thread_blocked, id=7616, stack(0x00000000266e0000,0x00000000267e0000)]
  0x000000001b633000 JavaThread "CleanCursors-21-thread-1" daemon [_thread_blocked, id=11524, stack(0x00000000265e0000,0x00000000266e0000)]
  0x000000001b62e800 JavaThread "cluster-ClusterId{value='5a701ba86768e7515078fba4', description='null'}-192.168.1.110:27017" daemon [_thread_blocked, id=14352, stack(0x00000000264e0000,0x00000000265e0000)]
  0x000000001b633800 JavaThread "CleanCursors-20-thread-1" daemon [_thread_blocked, id=20256, stack(0x00000000263e0000,0x00000000264e0000)]
  0x000000001b630000 JavaThread "cluster-ClusterId{value='5a701ba76768e7515078fba3', description='null'}-192.168.1.110:27017" daemon [_thread_blocked, id=20952, stack(0x00000000262e0000,0x00000000263e0000)]
  0x000000001b631800 JavaThread "CleanCursors-19-thread-1" daemon [_thread_blocked, id=19296, stack(0x00000000261e0000,0x00000000262e0000)]
  0x000000001b635000 JavaThread "cluster-ClusterId{value='5a701ba76768e7515078fba2', description='null'}-192.168.1.110:27017" daemon [_thread_blocked, id=20656, stack(0x00000000260e0000,0x00000000261e0000)]
  0x000000001b630800 JavaThread "CleanCursors-18-thread-1" daemon [_thread_blocked, id=7972, stack(0x0000000025fe0000,0x00000000260e0000)]
  0x000000001b632000 JavaThread "cluster-ClusterId{value='5a701ba76768e7515078fba1', description='null'}-192.168.1.110:27017" daemon [_thread_blocked, id=6812, stack(0x0000000025ee0000,0x0000000025fe0000)]
  0x000000001b735800 JavaThread "CleanCursors-17-thread-1" daemon [_thread_blocked, id=14184, stack(0x0000000025de0000,0x0000000025ee0000)]
  0x000000001b733800 JavaThread "cluster-ClusterId{value='5a701ba76768e7515078fba0', description='null'}-192.168.1.110:27017" daemon [_thread_blocked, id=19012, stack(0x0000000023c70000,0x0000000023d70000)]
  0x000000001b732000 JavaThread "CleanCursors-16-thread-1" daemon [_thread_blocked, id=1920, stack(0x0000000023b70000,0x0000000023c70000)]
  0x000000001dd59000 JavaThread "cluster-ClusterId{value='5a701ba76768e7515078fb9f', description='null'}-192.168.1.110:27017" daemon [_thread_blocked, id=19944, stack(0x0000000023a70000,0x0000000023b70000)]
  0x000000001dd58000 JavaThread "nioEventLoopGroup-3-3" [_thread_in_native, id=9680, stack(0x0000000023970000,0x0000000023a70000)]
  0x000000001dd57800 JavaThread "CleanCursors-15-thread-1" daemon [_thread_blocked, id=12412, stack(0x0000000022550000,0x0000000022650000)]
  0x000000001dd56800 JavaThread "cluster-ClusterId{value='5a701ba66768e7515078fb9d', description='null'}-192.168.1.110:27017" daemon [_thread_blocked, id=5696, stack(0x0000000022450000,0x0000000022550000)]
  0x000000001dd56000 JavaThread "CleanCursors-14-thread-1" daemon [_thread_blocked, id=5024, stack(0x0000000022350000,0x0000000022450000)]
  0x000000001dd4e800 JavaThread "cluster-ClusterId{value='5a701ba46768e7515078fb9c', description='null'}-192.168.1.110:27017" daemon [_thread_blocked, id=11548, stack(0x0000000022250000,0x0000000022350000)]
  0x000000001dd55000 JavaThread "CleanCursors-13-thread-1" daemon [_thread_blocked, id=21952, stack(0x0000000022150000,0x0000000022250000)]
  0x000000001dd54800 JavaThread "cluster-ClusterId{value='5a701ba46768e7515078fb9b', description='null'}-192.168.1.110:27017" daemon [_thread_blocked, id=21044, stack(0x0000000022050000,0x0000000022150000)]
  0x000000001dd53800 JavaThread "CleanCursors-12-thread-1" daemon [_thread_blocked, id=22468, stack(0x0000000021f50000,0x0000000022050000)]
  0x000000001dd53000 JavaThread "cluster-ClusterId{value='5a701ba36768e7515078fb9a', description='null'}-192.168.1.110:27017" daemon [_thread_blocked, id=21872, stack(0x0000000021e50000,0x0000000021f50000)]
  0x000000001dd51800 JavaThread "CleanCursors-11-thread-1" daemon [_thread_blocked, id=21840, stack(0x0000000021d50000,0x0000000021e50000)]
  0x000000001dd52000 JavaThread "cluster-ClusterId{value='5a701ba36768e7515078fb99', description='null'}-192.168.1.110:27017" daemon [_thread_blocked, id=17608, stack(0x0000000021c50000,0x0000000021d50000)]
  0x000000001dd50000 JavaThread "CleanCursors-10-thread-1" daemon [_thread_blocked, id=5188, stack(0x0000000021b50000,0x0000000021c50000)]
  0x000000001dd4d800 JavaThread "cluster-ClusterId{value='5a701ba36768e7515078fb98', description='null'}-192.168.1.110:27017" daemon [_thread_blocked, id=11768, stack(0x0000000021a50000,0x0000000021b50000)]
  0x000000001dd4c000 JavaThread "CleanCursors-9-thread-1" daemon [_thread_blocked, id=9304, stack(0x0000000021950000,0x0000000021a50000)]
  0x000000001dd4f000 JavaThread "cluster-ClusterId{value='5a701ba36768e7515078fb97', description='null'}-192.168.1.110:27017" daemon [_thread_blocked, id=10868, stack(0x0000000021850000,0x0000000021950000)]
  0x000000001dd50800 JavaThread "CleanCursors-8-thread-1" daemon [_thread_blocked, id=21040, stack(0x0000000021750000,0x0000000021850000)]
  0x000000001dd4d000 JavaThread "cluster-ClusterId{value='5a701ba36768e7515078fb96', description='null'}-192.168.1.110:27017" daemon [_thread_blocked, id=19556, stack(0x0000000021650000,0x0000000021750000)]
  0x000000001dd4b800 JavaThread "nioEventLoopGroup-3-2" [_thread_in_native, id=6024, stack(0x0000000020540000,0x0000000020640000)]
  0x000000001dd4a800 JavaThread "CleanCursors-7-thread-1" daemon [_thread_blocked, id=19020, stack(0x0000000020440000,0x0000000020540000)]
  0x000000001b737000 JavaThread "cluster-ClusterId{value='5a701ba36768e7515078fb94', description='null'}-192.168.1.110:27017" daemon [_thread_blocked, id=5208, stack(0x000000001f2b0000,0x000000001f3b0000)]
  0x000000001b735000 JavaThread "CleanCursors-6-thread-1" daemon [_thread_blocked, id=3904, stack(0x000000001f040000,0x000000001f140000)]
  0x000000001b734000 JavaThread "cluster-ClusterId{value='5a701b9f6768e7515078fb93', description='null'}-192.168.1.110:27017" daemon [_thread_blocked, id=8348, stack(0x000000001ecd0000,0x000000001edd0000)]
  0x000000001b736800 JavaThread "Abandoned connection cleanup thread" daemon [_thread_blocked, id=16088, stack(0x000000001ebd0000,0x000000001ecd0000)]
  0x000000001b738000 JavaThread "CleanCursors-5-thread-1" daemon [_thread_blocked, id=18132, stack(0x000000001d630000,0x000000001d730000)]
  0x000000001b731000 JavaThread "cluster-ClusterId{value='5a701b9d6768e7515078fb92', description='null'}-192.168.1.110:27017" daemon [_thread_blocked, id=17732, stack(0x000000001d530000,0x000000001d630000)]
  0x000000001b732800 JavaThread "CleanCursors-4-thread-1" daemon [_thread_blocked, id=19080, stack(0x000000001d330000,0x000000001d430000)]
  0x000000001b6d9800 JavaThread "cluster-ClusterId{value='5a701b9d6768e7515078fb91', description='null'}-192.168.1.110:27017" daemon [_thread_blocked, id=9044, stack(0x000000001d230000,0x000000001d330000)]
  0x000000001b667800 JavaThread "CleanCursors-3-thread-1" daemon [_thread_blocked, id=20364, stack(0x000000001cf30000,0x000000001d030000)]
  0x000000001b667000 JavaThread "cluster-ClusterId{value='5a701b9d6768e7515078fb90', description='null'}-192.168.1.110:27017" daemon [_thread_blocked, id=5964, stack(0x000000001ce30000,0x000000001cf30000)]
  0x00000000197de000 JavaThread "CleanCursors-2-thread-1" daemon [_thread_blocked, id=12272, stack(0x000000001cd30000,0x000000001ce30000)]
  0x000000001b62d800 JavaThread "cluster-ClusterId{value='5a701b9d6768e7515078fb8f', description='null'}-192.168.1.110:27017" daemon [_thread_blocked, id=692, stack(0x000000001cc30000,0x000000001cd30000)]
  0x0000000018822000 JavaThread "CleanCursors-1-thread-1" daemon [_thread_blocked, id=13820, stack(0x000000001ca30000,0x000000001cb30000)]
  0x0000000018821800 JavaThread "cluster-ClusterId{value='5a701b9c6768e7515078fb8e', description='null'}-192.168.1.110:27017" daemon [_thread_blocked, id=20744, stack(0x000000001c730000,0x000000001c830000)]
  0x0000000018881800 JavaThread "nioEventLoopGroup-3-1" [_thread_in_native, id=2292, stack(0x0000000019e50000,0x0000000019f50000)]
  0x00000000194fe000 JavaThread "nioEventLoopGroup-2-1" [_thread_in_native, id=13460, stack(0x0000000019920000,0x0000000019a20000)]
  0x0000000018771800 JavaThread "Service Thread" daemon [_thread_blocked, id=16300, stack(0x0000000018f20000,0x0000000019020000)]
  0x0000000018742800 JavaThread "C1 CompilerThread2" daemon [_thread_blocked, id=1552, stack(0x0000000018e20000,0x0000000018f20000)]
  0x00000000186eb000 JavaThread "C2 CompilerThread1" daemon [_thread_blocked, id=3648, stack(0x0000000018d20000,0x0000000018e20000)]
=>0x00000000186de000 JavaThread "C2 CompilerThread0" daemon [_thread_in_native, id=4464, stack(0x0000000018c20000,0x0000000018d20000)]
  0x00000000186a4000 JavaThread "Monitor Ctrl-Break" daemon [_thread_in_native, id=5436, stack(0x0000000018b20000,0x0000000018c20000)]
  0x0000000018530800 JavaThread "Attach Listener" daemon [_thread_blocked, id=17624, stack(0x0000000018a20000,0x0000000018b20000)]
  0x00000000171d0000 JavaThread "Signal Dispatcher" daemon [_thread_blocked, id=22368, stack(0x0000000018920000,0x0000000018a20000)]
  0x00000000171ae800 JavaThread "Finalizer" daemon [_thread_blocked, id=5036, stack(0x0000000018420000,0x0000000018520000)]
  0x0000000004a03000 JavaThread "Reference Handler" daemon [_thread_blocked, id=19884, stack(0x0000000018320000,0x0000000018420000)]
  0x0000000004913800 JavaThread "main" [_thread_blocked, id=15216, stack(0x00000000045d0000,0x00000000046d0000)]

Other Threads:
  0x0000000017187800 VMThread [stack: 0x0000000018220000,0x0000000018320000] [id=14884]
  0x000000001879b800 WatcherThread [stack: 0x0000000019020000,0x0000000019120000] [id=22184]

VM state:not at safepoint (normal execution)

VM Mutex/Monitor currently owned by a thread: None

Heap:
 PSYoungGen      total 349184K, used 210284K [0x00000000ea200000, 0x00000000fff00000, 0x0000000100000000)
  eden space 347136K, 60% used [0x00000000ea200000,0x00000000f6dd30e0,0x00000000ff500000)
  from space 2048K, 76% used [0x00000000ff500000,0x00000000ff6880a0,0x00000000ff700000)
  to   space 5120K, 0% used [0x00000000ffa00000,0x00000000ffa00000,0x00000000fff00000)
 ParOldGen       total 87552K, used 29111K [0x00000000be600000, 0x00000000c3b80000, 0x00000000ea200000)
  object space 87552K, 33% used [0x00000000be600000,0x00000000c026df58,0x00000000c3b80000)
 Metaspace       used 32743K, capacity 33386K, committed 33536K, reserved 1079296K
  class space    used 3660K, capacity 3836K, committed 3840K, reserved 1048576K

Card table byte_map: [0x0000000013dd0000,0x0000000013fe0000] byte_map_base: 0x00000000137dd000

Marking Bits: (ParMarkBitMap*) 0x0000000061e0d850
 Begin Bits: [0x0000000014540000, 0x00000000155a8000)
 End Bits:   [0x00000000155a8000, 0x0000000016610000)

Polling page: 0x0000000002ac0000

CodeCache: size=245760Kb used=22803Kb max_used=22829Kb free=222956Kb
 bounds [0x0000000004a10000, 0x0000000006090000, 0x0000000013a10000]
 total_blobs=6600 nmethods=6099 adapters=413
 compilation: enabled

Compilation events (10 events):
Event: 228.234 Thread 0x0000000018742800 nmethod 7303 0x000000000513e3d0 code [0x000000000513e660, 0x000000000513f308]
Event: 228.234 Thread 0x0000000018742800 7304   !   3       com.mysql.jdbc.StatementImpl::useServerFetch (64 bytes)
Event: 228.235 Thread 0x0000000018742800 nmethod 7304 0x000000000513cd50 code [0x000000000513cf40, 0x000000000513ddc8]
Event: 228.276 Thread 0x00000000186eb000 nmethod 7305 0x000000000509e1d0 code [0x000000000509e440, 0x000000000509fd60]
Event: 228.286 Thread 0x00000000186eb000 7307       4       com.mysql.jdbc.Field::getName (28 bytes)
Event: 228.287 Thread 0x00000000186eb000 nmethod 7307 0x0000000004d9f650 code [0x0000000004d9f7a0, 0x0000000004d9f868]
Event: 228.328 Thread 0x0000000018742800 7308       3       org.bson.codecs.BsonValueCodecProvider::addCodec (18 bytes)
Event: 228.328 Thread 0x0000000018742800 nmethod 7308 0x0000000005431050 code [0x00000000054311c0, 0x00000000054314b8]
Event: 228.339 Thread 0x0000000018742800 7309       3       org.bson.BsonBinaryReader::doReadEndArray (21 bytes)
Event: 228.340 Thread 0x0000000018742800 nmethod 7309 0x000000000509d490 code [0x000000000509d660, 0x000000000509de38]

GC Heap History (10 events):
Event: 225.151 GC heap before
{Heap before GC invocations=30 (full 1):
 PSYoungGen      total 351232K, used 346502K [0x00000000ea200000, 0x00000000fff80000, 0x0000000100000000)
  eden space 345088K, 100% used [0x00000000ea200000,0x00000000ff300000,0x00000000ff300000)
  from space 6144K, 23% used [0x00000000ff900000,0x00000000ffa618a8,0x00000000fff00000)
  to   space 6144K, 0% used [0x00000000ff300000,0x00000000ff300000,0x00000000ff900000)
 ParOldGen       total 87552K, used 25738K [0x00000000be600000, 0x00000000c3b80000, 0x00000000ea200000)
  object space 87552K, 29% used [0x00000000be600000,0x00000000bff22840,0x00000000c3b80000)
 Metaspace       used 32447K, capacity 33076K, committed 33280K, reserved 1079296K
  class space    used 3653K, capacity 3827K, committed 3840K, reserved 1048576K
Event: 225.175 GC heap after
Heap after GC invocations=30 (full 1):
 PSYoungGen      total 351232K, used 2783K [0x00000000ea200000, 0x0000000100000000, 0x0000000100000000)
  eden space 345088K, 0% used [0x00000000ea200000,0x00000000ea200000,0x00000000ff300000)
  from space 6144K, 45% used [0x00000000ff300000,0x00000000ff5b7c80,0x00000000ff900000)
  to   space 6144K, 0% used [0x00000000ffa00000,0x00000000ffa00000,0x0000000100000000)
 ParOldGen       total 87552K, used 26162K [0x00000000be600000, 0x00000000c3b80000, 0x00000000ea200000)
  object space 87552K, 29% used [0x00000000be600000,0x00000000bff8ca38,0x00000000c3b80000)
 Metaspace       used 32447K, capacity 33076K, committed 33280K, reserved 1079296K
  class space    used 3653K, capacity 3827K, committed 3840K, reserved 1048576K
}
Event: 225.780 GC heap before
{Heap before GC invocations=31 (full 1):
 PSYoungGen      total 351232K, used 347871K [0x00000000ea200000, 0x0000000100000000, 0x0000000100000000)
  eden space 345088K, 100% used [0x00000000ea200000,0x00000000ff300000,0x00000000ff300000)
  from space 6144K, 45% used [0x00000000ff300000,0x00000000ff5b7c80,0x00000000ff900000)
  to   space 6144K, 0% used [0x00000000ffa00000,0x00000000ffa00000,0x0000000100000000)
 ParOldGen       total 87552K, used 26162K [0x00000000be600000, 0x00000000c3b80000, 0x00000000ea200000)
  object space 87552K, 29% used [0x00000000be600000,0x00000000bff8ca38,0x00000000c3b80000)
 Metaspace       used 32460K, capacity 33076K, committed 33280K, reserved 1079296K
  class space    used 3653K, capacity 3827K, committed 3840K, reserved 1048576K
Event: 225.788 GC heap after
Heap after GC invocations=31 (full 1):
 PSYoungGen      total 351232K, used 1568K [0x00000000ea200000, 0x00000000fff00000, 0x0000000100000000)
  eden space 346112K, 0% used [0x00000000ea200000,0x00000000ea200000,0x00000000ff400000)
  from space 5120K, 30% used [0x00000000ffa00000,0x00000000ffb880c0,0x00000000fff00000)
  to   space 5632K, 0% used [0x00000000ff400000,0x00000000ff400000,0x00000000ff980000)
 ParOldGen       total 87552K, used 27194K [0x00000000be600000, 0x00000000c3b80000, 0x00000000ea200000)
  object space 87552K, 31% used [0x00000000be600000,0x00000000c008eac8,0x00000000c3b80000)
 Metaspace       used 32460K, capacity 33076K, committed 33280K, reserved 1079296K
  class space    used 3653K, capacity 3827K, committed 3840K, reserved 1048576K
}
Event: 227.141 GC heap before
{Heap before GC invocations=32 (full 1):
 PSYoungGen      total 351232K, used 347671K [0x00000000ea200000, 0x00000000fff00000, 0x0000000100000000)
  eden space 346112K, 99% used [0x00000000ea200000,0x00000000ff3fdbd8,0x00000000ff400000)
  from space 5120K, 30% used [0x00000000ffa00000,0x00000000ffb880c0,0x00000000fff00000)
  to   space 5632K, 0% used [0x00000000ff400000,0x00000000ff400000,0x00000000ff980000)
 ParOldGen       total 87552K, used 27194K [0x00000000be600000, 0x00000000c3b80000, 0x00000000ea200000)
  object space 87552K, 31% used [0x00000000be600000,0x00000000c008eac8,0x00000000c3b80000)
 Metaspace       used 32640K, capacity 33316K, committed 33536K, reserved 1079296K
  class space    used 3659K, capacity 3835K, committed 3840K, reserved 1048576K
Event: 227.152 GC heap after
Heap after GC invocations=32 (full 1):
 PSYoungGen      total 351744K, used 2937K [0x00000000ea200000, 0x0000000100000000, 0x0000000100000000)
  eden space 346112K, 0% used [0x00000000ea200000,0x00000000ea200000,0x00000000ff400000)
  from space 5632K, 52% used [0x00000000ff400000,0x00000000ff6de728,0x00000000ff980000)
  to   space 5632K, 0% used [0x00000000ffa80000,0x00000000ffa80000,0x0000000100000000)
 ParOldGen       total 87552K, used 27599K [0x00000000be600000, 0x00000000c3b80000, 0x00000000ea200000)
  object space 87552K, 31% used [0x00000000be600000,0x00000000c00f3cc0,0x00000000c3b80000)
 Metaspace       used 32640K, capacity 33316K, committed 33536K, reserved 1079296K
  class space    used 3659K, capacity 3835K, committed 3840K, reserved 1048576K
}
Event: 227.615 GC heap before
{Heap before GC invocations=33 (full 1):
 PSYoungGen      total 351744K, used 349049K [0x00000000ea200000, 0x0000000100000000, 0x0000000100000000)
  eden space 346112K, 100% used [0x00000000ea200000,0x00000000ff400000,0x00000000ff400000)
  from space 5632K, 52% used [0x00000000ff400000,0x00000000ff6de728,0x00000000ff980000)
  to   space 5632K, 0% used [0x00000000ffa80000,0x00000000ffa80000,0x0000000100000000)
 ParOldGen       total 87552K, used 27599K [0x00000000be600000, 0x00000000c3b80000, 0x00000000ea200000)
  object space 87552K, 31% used [0x00000000be600000,0x00000000c00f3cc0,0x00000000c3b80000)
 Metaspace       used 32669K, capacity 33322K, committed 33536K, reserved 1079296K
  class space    used 3659K, capacity 3836K, committed 3840K, reserved 1048576K
Event: 227.620 GC heap after
Heap after GC invocations=33 (full 1):
 PSYoungGen      total 352768K, used 1846K [0x00000000ea200000, 0x0000000100000000, 0x0000000100000000)
  eden space 347136K, 0% used [0x00000000ea200000,0x00000000ea200000,0x00000000ff500000)
  from space 5632K, 32% used [0x00000000ffa80000,0x00000000ffc4d938,0x0000000100000000)
  to   space 5632K, 0% used [0x00000000ff500000,0x00000000ff500000,0x00000000ffa80000)
 ParOldGen       total 87552K, used 28691K [0x00000000be600000, 0x00000000c3b80000, 0x00000000ea200000)
  object space 87552K, 32% used [0x00000000be600000,0x00000000c0204d60,0x00000000c3b80000)
 Metaspace       used 32669K, capacity 33322K, committed 33536K, reserved 1079296K
  class space    used 3659K, capacity 3836K, committed 3840K, reserved 1048576K
}
Event: 227.917 GC heap before
{Heap before GC invocations=34 (full 1):
 PSYoungGen      total 352768K, used 348982K [0x00000000ea200000, 0x0000000100000000, 0x0000000100000000)
  eden space 347136K, 100% used [0x00000000ea200000,0x00000000ff500000,0x00000000ff500000)
  from space 5632K, 32% used [0x00000000ffa80000,0x00000000ffc4d938,0x0000000100000000)
  to   space 5632K, 0% used [0x00000000ff500000,0x00000000ff500000,0x00000000ffa80000)
 ParOldGen       total 87552K, used 28691K [0x00000000be600000, 0x00000000c3b80000, 0x00000000ea200000)
  object space 87552K, 32% used [0x00000000be600000,0x00000000c0204d60,0x00000000c3b80000)
 Metaspace       used 32690K, capacity 33322K, committed 33536K, reserved 1079296K
  class space    used 3659K, capacity 3836K, committed 3840K, reserved 1048576K
Event: 227.921 GC heap after
Heap after GC invocations=34 (full 1):
 PSYoungGen      total 349184K, used 1568K [0x00000000ea200000, 0x00000000fff00000, 0x0000000100000000)
  eden space 347136K, 0% used [0x00000000ea200000,0x00000000ea200000,0x00000000ff500000)
  from space 2048K, 76% used [0x00000000ff500000,0x00000000ff6880a0,0x00000000ff700000)
  to   space 5120K, 0% used [0x00000000ffa00000,0x00000000ffa00000,0x00000000fff00000)
 ParOldGen       total 87552K, used 29111K [0x00000000be600000, 0x00000000c3b80000, 0x00000000ea200000)
  object space 87552K, 33% used [0x00000000be600000,0x00000000c026df58,0x00000000c3b80000)
 Metaspace       used 32690K, capacity 33322K, committed 33536K, reserved 1079296K
  class space    used 3659K, capacity 3836K, committed 3840K, reserved 1048576K
}

Deoptimization events (10 events):
Event: 62.925 Thread 0x000000001dd4b800 Uncommon trap: reason=class_check action=maybe_recompile pc=0x0000000004c1a058 method=com.mongodb.connection.ByteBufferBsonOutput.getByteBufferAtIndex(I)Lorg/bson/ByteBuf; @ 44
Event: 63.197 Thread 0x000000001dd58000 Uncommon trap: reason=null_check action=make_not_entrant pc=0x0000000005ad8798 method=org.springframework.data.mapping.model.SimpleTypeHolder.isSimpleType(Ljava/lang/Class;)Z @ 75
Event: 64.558 Thread 0x000000001dd58000 Uncommon trap: reason=predicate action=maybe_recompile pc=0x0000000005b90ee8 method=java.util.AbstractCollection.toArray([Ljava/lang/Object;)[Ljava/lang/Object; @ 49
Event: 64.679 Thread 0x000000001dd58000 Uncommon trap: reason=array_check action=maybe_recompile pc=0x00000000052b545c method=java.util.AbstractCollection.toArray([Ljava/lang/Object;)[Ljava/lang/Object; @ 119
Event: 64.679 Thread 0x000000001dd58000 Uncommon trap: reason=array_check action=maybe_recompile pc=0x00000000052b545c method=java.util.AbstractCollection.toArray([Ljava/lang/Object;)[Ljava/lang/Object; @ 119
Event: 64.682 Thread 0x000000001dd58000 Uncommon trap: reason=array_check action=maybe_recompile pc=0x00000000052b545c method=java.util.AbstractCollection.toArray([Ljava/lang/Object;)[Ljava/lang/Object; @ 119
Event: 64.683 Thread 0x000000001dd58000 Uncommon trap: reason=array_check action=maybe_recompile pc=0x00000000052b545c method=java.util.AbstractCollection.toArray([Ljava/lang/Object;)[Ljava/lang/Object; @ 119
Event: 65.327 Thread 0x000000001dd58000 Uncommon trap: reason=class_check action=maybe_recompile pc=0x0000000004c1a058 method=com.mongodb.connection.ByteBufferBsonOutput.getByteBufferAtIndex(I)Lorg/bson/ByteBuf; @ 44
Event: 66.925 Thread 0x000000001b636800 Uncommon trap: reason=class_check action=maybe_recompile pc=0x0000000004c1a058 method=com.mongodb.connection.ByteBufferBsonOutput.getByteBufferAtIndex(I)Lorg/bson/ByteBuf; @ 44
Event: 68.589 Thread 0x000000001bf13800 Uncommon trap: reason=null_check action=make_not_entrant pc=0x0000000005ee1958 method=org.springframework.util.ClassUtils.isAssignable(Ljava/lang/Class;Ljava/lang/Class;)Z @ 14

Internal exceptions (10 events):
Event: 53.092 Thread 0x0000000018881800 Exception <a 'java/lang/ArrayIndexOutOfBoundsException'> (0x00000000eaa9a160) thrown at [C:\re\workspace\8-2-build-windows-amd64-cygwin\jdk8u151\9699\hotspot\src\share\vm\runtime\sharedRuntime.cpp, line 605]
Event: 53.092 Thread 0x0000000018881800 Exception <a 'java/lang/ArrayIndexOutOfBoundsException'> (0x00000000eaa9ce50) thrown at [C:\re\workspace\8-2-build-windows-amd64-cygwin\jdk8u151\9699\hotspot\src\share\vm\runtime\sharedRuntime.cpp, line 605]
Event: 53.409 Thread 0x0000000018881800 Exception <a 'java/lang/ClassNotFoundException': vova/domain/PlayerBeanInfo> (0x00000000eb9b4980) thrown at [C:\re\workspace\8-2-build-windows-amd64-cygwin\jdk8u151\9699\hotspot\src\share\vm\classfile\systemDictionary.cpp, line 210]
Event: 53.409 Thread 0x0000000018881800 Exception <a 'java/lang/ClassNotFoundException': vova/domain/PlayerCustomizer> (0x00000000eb9bce90) thrown at [C:\re\workspace\8-2-build-windows-amd64-cygwin\jdk8u151\9699\hotspot\src\share\vm\classfile\systemDictionary.cpp, line 210]
Event: 53.765 Thread 0x0000000018881800 Implicit null exception at 0x0000000004e15f5b to 0x0000000004e1647d
Event: 53.765 Thread 0x0000000018881800 Implicit null exception at 0x0000000004c8c1af to 0x0000000004c8c219
Event: 54.106 Thread 0x0000000018881800 Implicit null exception at 0x0000000004fe7915 to 0x0000000004fe7af1
Event: 59.311 Thread 0x0000000018881800 Implicit null exception at 0x00000000055bf035 to 0x00000000055bfb7d
Event: 59.641 Thread 0x000000001dd4b800 Implicit null exception at 0x0000000005060e5c to 0x0000000005061a45
Event: 60.348 Thread 0x000000001dd4b800 Implicit null exception at 0x0000000004bfafd4 to 0x0000000004bfb389

Events (10 events):
Event: 228.274 loading class ThreeNumWeek
Event: 228.274 loading class ThreeNumWeek done
Event: 228.277 loading class ThreeNumMon
Event: 228.277 loading class ThreeNumMon done
Event: 228.277 loading class ThreeNumMon
Event: 228.277 loading class ThreeNumMon done
Event: 228.277 loading class ThreeNumMon
Event: 228.277 loading class ThreeNumMon done
Event: 228.323 Thread 0x000000001dee3800 Thread added: 0x000000001dee3800
Event: 228.323 Thread 0x000000001dee4800 Thread added: 0x000000001dee4800


Dynamic libraries:
0x00007ff60ea70000 - 0x00007ff60eaa7000 	C:\Program Files\Java\jdk\jdk1.8.0_151\bin\java.exe
0x00007ffe20f40000 - 0x00007ffe21120000 	C:\WINDOWS\SYSTEM32\ntdll.dll
0x00007ffe1f0f0000 - 0x00007ffe1f19e000 	C:\WINDOWS\System32\KERNEL32.DLL
0x00007ffe1d450000 - 0x00007ffe1d6b6000 	C:\WINDOWS\System32\KERNELBASE.dll
0x00007ffe1eef0000 - 0x00007ffe1ef91000 	C:\WINDOWS\System32\ADVAPI32.dll
0x00007ffe1efa0000 - 0x00007ffe1f03d000 	C:\WINDOWS\System32\msvcrt.dll
0x00007ffe206d0000 - 0x00007ffe2072b000 	C:\WINDOWS\System32\sechost.dll
0x00007ffe209a0000 - 0x00007ffe20abf000 	C:\WINDOWS\System32\RPCRT4.dll
0x00007ffe1e5d0000 - 0x00007ffe1e75f000 	C:\WINDOWS\System32\USER32.dll
0x00007ffe1d8e0000 - 0x00007ffe1d900000 	C:\WINDOWS\System32\win32u.dll
0x00007ffe1e410000 - 0x00007ffe1e438000 	C:\WINDOWS\System32\GDI32.dll
0x00007ffe1da80000 - 0x00007ffe1dc13000 	C:\WINDOWS\System32\gdi32full.dll
0x00007ffe1dc20000 - 0x00007ffe1dcbb000 	C:\WINDOWS\System32\msvcp_win.dll
0x00007ffe1d900000 - 0x00007ffe1d9f6000 	C:\WINDOWS\System32\ucrtbase.dll
0x00007ffe0f250000 - 0x00007ffe0f4b9000 	C:\WINDOWS\WinSxS\amd64_microsoft.windows.common-controls_6595b64144ccf1df_6.0.16299.192_none_15c8cdae9364c23b\COMCTL32.dll
0x00007ffe1ebe0000 - 0x00007ffe1eee8000 	C:\WINDOWS\System32\combase.dll
0x00007ffe1da00000 - 0x00007ffe1da72000 	C:\WINDOWS\System32\bcryptPrimitives.dll
0x00007ffe206a0000 - 0x00007ffe206cd000 	C:\WINDOWS\System32\IMM32.DLL
0x00000000629d0000 - 0x0000000062aa2000 	C:\Program Files\Java\jdk\jdk1.8.0_151\jre\bin\msvcr100.dll
0x00000000615f0000 - 0x0000000061e8d000 	C:\Program Files\Java\jdk\jdk1.8.0_151\jre\bin\server\jvm.dll
0x00007ffe1e5c0000 - 0x00007ffe1e5c8000 	C:\WINDOWS\System32\PSAPI.DLL
0x00007ffe0c260000 - 0x00007ffe0c283000 	C:\WINDOWS\SYSTEM32\WINMM.dll
0x00007ffe148c0000 - 0x00007ffe148ca000 	C:\WINDOWS\SYSTEM32\VERSION.dll
0x00007ffe0c230000 - 0x00007ffe0c25a000 	C:\WINDOWS\SYSTEM32\WINMMBASE.dll
0x00007ffe1d6c0000 - 0x00007ffe1d70a000 	C:\WINDOWS\System32\cfgmgr32.dll
0x00007ffe19dd0000 - 0x00007ffe19dd9000 	C:\WINDOWS\SYSTEM32\WSOCK32.dll
0x00007ffe20790000 - 0x00007ffe207fc000 	C:\WINDOWS\System32\WS2_32.dll
0x0000000063710000 - 0x000000006371f000 	C:\Program Files\Java\jdk\jdk1.8.0_151\jre\bin\verify.dll
0x00000000636e0000 - 0x0000000063709000 	C:\Program Files\Java\jdk\jdk1.8.0_151\jre\bin\java.dll
0x00000000629a0000 - 0x00000000629c3000 	C:\Program Files\Java\jdk\jdk1.8.0_151\jre\bin\instrument.dll
0x00000000636c0000 - 0x00000000636d6000 	C:\Program Files\Java\jdk\jdk1.8.0_151\jre\bin\zip.dll
0x00007ffe1f1a0000 - 0x00007ffe205d6000 	C:\WINDOWS\System32\SHELL32.dll
0x00007ffe1e8f0000 - 0x00007ffe1e996000 	C:\WINDOWS\System32\shcore.dll
0x00007ffe1dcc0000 - 0x00007ffe1e407000 	C:\WINDOWS\System32\windows.storage.dll
0x00007ffe20640000 - 0x00007ffe20691000 	C:\WINDOWS\System32\shlwapi.dll
0x00007ffe1d320000 - 0x00007ffe1d331000 	C:\WINDOWS\System32\kernel.appcore.dll
0x00007ffe1d2d0000 - 0x00007ffe1d31c000 	C:\WINDOWS\System32\powrprof.dll
0x00007ffe1d290000 - 0x00007ffe1d2ab000 	C:\WINDOWS\System32\profapi.dll
0x00007ffe173c0000 - 0x00007ffe173da000 	C:\Program Files\JetBrains\IntelliJ IDEA 2017.3\bin\breakgen64.dll
0x0000000063530000 - 0x000000006354a000 	C:\Program Files\Java\jdk\jdk1.8.0_151\jre\bin\net.dll
0x00007ffe1cb20000 - 0x00007ffe1cb86000 	C:\WINDOWS\system32\mswsock.dll
0x0000000062980000 - 0x0000000062991000 	C:\Program Files\Java\jdk\jdk1.8.0_151\jre\bin\nio.dll
0x00007ffe1ccf0000 - 0x00007ffe1cd07000 	C:\WINDOWS\SYSTEM32\CRYPTSP.dll
0x00007ffe1c730000 - 0x00007ffe1c763000 	C:\WINDOWS\system32\rsaenh.dll
0x00007ffe1cdf0000 - 0x00007ffe1ce15000 	C:\WINDOWS\SYSTEM32\bcrypt.dll
0x00007ffe1d1c0000 - 0x00007ffe1d1e9000 	C:\WINDOWS\SYSTEM32\USERENV.dll
0x00007ffe1cce0000 - 0x00007ffe1cceb000 	C:\WINDOWS\SYSTEM32\CRYPTBASE.dll
0x00007ffe1c8b0000 - 0x00007ffe1c8e9000 	C:\WINDOWS\SYSTEM32\IPHLPAPI.DLL
0x00007ffe1f040000 - 0x00007ffe1f048000 	C:\WINDOWS\System32\NSI.dll
0x00007ffe18b30000 - 0x00007ffe18b46000 	C:\WINDOWS\SYSTEM32\dhcpcsvc6.DLL
0x00007ffe18aa0000 - 0x00007ffe18aba000 	C:\WINDOWS\SYSTEM32\dhcpcsvc.DLL
0x00000000635d0000 - 0x00000000635dd000 	C:\Program Files\Java\jdk\jdk1.8.0_151\jre\bin\management.dll
0x00007ffe128b0000 - 0x00007ffe128c6000 	C:\WINDOWS\system32\napinsp.dll
0x00007ffe12890000 - 0x00007ffe128aa000 	C:\WINDOWS\system32\pnrpnsp.dll
0x00007ffe19080000 - 0x00007ffe19098000 	C:\WINDOWS\system32\NLAapi.dll
0x00007ffe1c8f0000 - 0x00007ffe1c9a6000 	C:\WINDOWS\SYSTEM32\DNSAPI.dll
0x00007ffe10fa0000 - 0x00007ffe10fae000 	C:\WINDOWS\System32\winrnr.dll
0x0000000062290000 - 0x00000000622b6000 	C:\Program Files\Bonjour\mdnsNSP.dll
0x00007ffe17630000 - 0x00007ffe1763a000 	C:\Windows\System32\rasadhlp.dll
0x00007ffe187e0000 - 0x00007ffe18850000 	C:\WINDOWS\System32\fwpuclnt.dll
0x0000000062840000 - 0x0000000062864000 	C:\Program Files\Java\jdk\jdk1.8.0_151\jre\bin\sunec.dll

VM Arguments:
jvm_args: -Xms128m -Xmx1050m -javaagent:C:\Program Files\JetBrains\IntelliJ IDEA 2017.3\lib\idea_rt.jar=51400:C:\Program Files\JetBrains\IntelliJ IDEA 2017.3\bin -Dfile.encoding=UTF-8 
java_command: vova.nettydemo.NettyServerTest
java_class_path (initial): C:\Program Files\Java\jdk\jdk1.8.0_151\jre\lib\charsets.jar;C:\Program Files\Java\jdk\jdk1.8.0_151\jre\lib\deploy.jar;C:\Program Files\Java\jdk\jdk1.8.0_151\jre\lib\ext\access-bridge-64.jar;C:\Program Files\Java\jdk\jdk1.8.0_151\jre\lib\ext\cldrdata.jar;C:\Program Files\Java\jdk\jdk1.8.0_151\jre\lib\ext\dnsns.jar;C:\Program Files\Java\jdk\jdk1.8.0_151\jre\lib\ext\jaccess.jar;C:\Program Files\Java\jdk\jdk1.8.0_151\jre\lib\ext\jfxrt.jar;C:\Program Files\Java\jdk\jdk1.8.0_151\jre\lib\ext\localedata.jar;C:\Program Files\Java\jdk\jdk1.8.0_151\jre\lib\ext\nashorn.jar;C:\Program Files\Java\jdk\jdk1.8.0_151\jre\lib\ext\sunec.jar;C:\Program Files\Java\jdk\jdk1.8.0_151\jre\lib\ext\sunjce_provider.jar;C:\Program Files\Java\jdk\jdk1.8.0_151\jre\lib\ext\sunmscapi.jar;C:\Program Files\Java\jdk\jdk1.8.0_151\jre\lib\ext\sunpkcs11.jar;C:\Program Files\Java\jdk\jdk1.8.0_151\jre\lib\ext\zipfs.jar;C:\Program Files\Java\jdk\jdk1.8.0_151\jre\lib\javaws.jar;C:\Program Files\Java\jdk\jdk1.8.0_151\jre\lib\jce.jar;C:\Program Files\Java\jdk\jdk1.8.0_151\jre\lib\jfr.jar;C:\Program Files\Java\jdk\jdk1.8.0_151\jre\lib\jfxswt.jar;C:\Program Files\Java\jdk\jdk1.8.0_151\jre\lib\jsse.jar;C:\Program Files\Java\jdk\jdk1.8.0_151\jre\lib\management-agent.jar;C:\Program Files\Java\jdk\jdk1.8.0_151\jre\lib\plugin.jar;C:\Program Files\Java\jdk\jdk1.8.0_151\jre\lib\resources.jar;C:\Program Files\Java\jdk\jdk1.8.0_151\jre\lib\rt.jar;D:\newTessar\tessar-netty-server\target\classes;C:\Users\xcloud010\.m2\repository\org\springframework\spring-context\5.0.2.RELEASE\spring-context-5.0.2.RELEASE.jar;C:\Users\xcloud010\.m2\repository\org\springframework\spring-aop\5.0.2.RELEASE\spring-aop-5.0.2.RELEASE.jar;C:\Users\xcloud010\.m2\repository\org\springframework\spring-beans\5.0.2.RELEASE\spring-beans-5.0.2.RELEASE.jar;C:\Users\xcloud010\.m2\repository\org\springframework\spring-core\5.0.2.RELEASE\spring-core-5.0.2.RELEASE.jar;C:\Users\xcloud010\.m2\repository\org\springframework\spring-jc
Launcher Type: SUN_STANDARD

Environment Variables:
JAVA_HOME=C:\Program Files\Java\jdk\jdk1.8.0_151
JRE_HOME=C:\Program Files\Java\jre\jre1.8.0_151
PATH=C:\ProgramData\Oracle\Java\javapath;C:\WINDOWS\system32;C:\WINDOWS;C:\WINDOWS\System32\Wbem;C:\WINDOWS\System32\WindowsPowerShell\v1.0\;C:\Program Files\TortoiseSVN\bin;C:\Program Files\MongoDB\Server\3.2\bin;C:\MinGW\bin;D:\Tools\apache-tomcat-7.0.82\bin;C:\Program Files\MySQL\MySQL Server 5.7\bin;D:\ProgramData\Anaconda3;C:\Program Files\Git\cmd;C:\Users\xcloud010\AppData\Local\Microsoft\WindowsApps;C:\Users\xcloud010\AppData\Local\GitHubDesktop\bin;%USERPROFILE%\AppData\Local\Microsoft\WindowsApps;
USERNAME=xcloud010
OS=Windows_NT
PROCESSOR_IDENTIFIER=Intel64 Family 6 Model 60 Stepping 3, GenuineIntel



---------------  S Y S T E M  ---------------

OS: Windows 10.0 , 64 bit Build 16299 (10.0.16299.15)

CPU:total 4 (initial active 4) (2 cores per cpu, 2 threads per core) family 6 model 60 stepping 3, cmov, cx8, fxsr, mmx, sse, sse2, sse3, ssse3, sse4.1, sse4.2, popcnt, avx, avx2, aes, clmul, erms, lzcnt, ht, tsc, tscinvbit, bmi1, bmi2

Memory: 4k page, physical 4118508k(292944k free), swap 11837160k(5036k free)

vm_info: Java HotSpot(TM) 64-Bit Server VM (25.151-b12) for windows-amd64 JRE (1.8.0_151-b12), built on Sep  5 2017 19:33:46 by "java_re" with MS VC++ 10.0 (VS2010)

time: Tue Jan 30 15:18:36 2018
elapsed time: 228 seconds (0d 0h 3m 48s)

