#
# There is insufficient memory for the Java Runtime Environment to continue.
# Native memory allocation (malloc) failed to allocate 1073088 bytes for Chunk::new
# Possible reasons:
#   The system is out of physical RAM or swap space
#   In 32 bit mode, the process size limit was hit
# Possible solutions:
#   Reduce memory load on the system
#   Increase physical memory or swap space
#   Check if swap backing store is full
#   Use 64 bit Java on a 64 bit OS
#   Decrease Java heap size (-Xmx/-Xms)
#   Decrease number of Java threads
#   Decrease Java thread stack sizes (-Xss)
#   Set larger code cache with -XX:ReservedCodeCacheSize=
# This output file may be truncated or incomplete.
#
#  Out of Memory Error (allocation.cpp:390), pid=21532, tid=0x00000000000039f4
#
# JRE version: Java(TM) SE Runtime Environment (8.0_151-b12) (build 1.8.0_151-b12)
# Java VM: Java HotSpot(TM) 64-Bit Server VM (25.151-b12 mixed mode windows-amd64 compressed oops)
# Failed to write core dump. Minidumps are not enabled by default on client versions of Windows
#

---------------  T H R E A D  ---------------

Current thread (0x0000000018a38000):  JavaThread "C2 CompilerThread0" daemon [_thread_in_native, id=14836, stack(0x0000000018f70000,0x0000000019070000)]

Stack: [0x0000000018f70000,0x0000000019070000]
[error occurred during error reporting (printing stack bounds), id 0xc0000005]

Native frames: (J=compiled Java code, j=interpreted, Vv=VM code, C=native code)


Current CompileTask:
C2:  28992 4176       4       com.sun.org.apache.xerces.internal.dom.ElementImpl::getNodeName (16 bytes)


---------------  P R O C E S S  ---------------

Java Threads: ( => current thread )
  0x000000001c2bb000 JavaThread "CleanCursors-9-thread-1" daemon [_thread_blocked, id=18992, stack(0x000000001f620000,0x000000001f720000)]
  0x000000001c2be000 JavaThread "cluster-ClusterId{value='5a701eea6768e7541c5e6100', description='null'}-192.168.1.110:27017" daemon [_thread_blocked, id=14132, stack(0x000000001f520000,0x000000001f620000)]
  0x000000001c2c1000 JavaThread "CleanCursors-8-thread-1" daemon [_thread_blocked, id=9800, stack(0x000000001f420000,0x000000001f520000)]
  0x000000001c2c1800 JavaThread "cluster-ClusterId{value='5a701ee86768e7541c5e60ff', description='null'}-192.168.1.110:27017" daemon [_thread_blocked, id=3804, stack(0x000000001f320000,0x000000001f420000)]
  0x000000001c2bf800 JavaThread "CleanCursors-7-thread-1" daemon [_thread_blocked, id=17456, stack(0x000000001f020000,0x000000001f120000)]
  0x000000001c2c0000 JavaThread "cluster-ClusterId{value='5a701ee86768e7541c5e60fe', description='null'}-192.168.1.110:27017" daemon [_thread_blocked, id=21828, stack(0x000000001ef20000,0x000000001f020000)]
  0x000000001c2bc800 JavaThread "CleanCursors-6-thread-1" daemon [_thread_blocked, id=21452, stack(0x000000001ee20000,0x000000001ef20000)]
  0x000000001c2bd000 JavaThread "cluster-ClusterId{value='5a701ee86768e7541c5e60fd', description='null'}-192.168.1.110:27017" daemon [_thread_blocked, id=5668, stack(0x000000001ed20000,0x000000001ee20000)]
  0x00000000198c0800 JavaThread "CleanCursors-5-thread-1" daemon [_thread_blocked, id=17808, stack(0x000000001ec20000,0x000000001ed20000)]
  0x00000000198c0000 JavaThread "cluster-ClusterId{value='5a701ee86768e7541c5e60fc', description='null'}-192.168.1.110:27017" daemon [_thread_blocked, id=11876, stack(0x000000001eb20000,0x000000001ec20000)]
  0x00000000198c1800 JavaThread "Abandoned connection cleanup thread" daemon [_thread_blocked, id=484, stack(0x000000001d750000,0x000000001d850000)]
  0x00000000198be800 JavaThread "CleanCursors-4-thread-1" daemon [_thread_blocked, id=21388, stack(0x000000001d450000,0x000000001d550000)]
  0x00000000198c4800 JavaThread "cluster-ClusterId{value='5a701ee76768e7541c5e60fb', description='null'}-192.168.1.110:27017" daemon [_thread_blocked, id=10368, stack(0x000000001d350000,0x000000001d450000)]
  0x000000001b74a000 JavaThread "CleanCursors-3-thread-1" daemon [_thread_blocked, id=19592, stack(0x000000001d050000,0x000000001d150000)]
  0x000000001b78c800 JavaThread "cluster-ClusterId{value='5a701ee66768e7541c5e60fa', description='null'}-192.168.1.110:27017" daemon [_thread_blocked, id=19764, stack(0x000000001cf50000,0x000000001d050000)]
  0x000000001b960800 JavaThread "CleanCursors-2-thread-1" daemon [_thread_blocked, id=22388, stack(0x000000001ce50000,0x000000001cf50000)]
  0x000000001b960000 JavaThread "cluster-ClusterId{value='5a701ee66768e7541c5e60f9', description='null'}-192.168.1.110:27017" daemon [_thread_blocked, id=12448, stack(0x000000001cd50000,0x000000001ce50000)]
  0x000000001b4db000 JavaThread "CleanCursors-1-thread-1" daemon [_thread_blocked, id=7916, stack(0x000000001cb50000,0x000000001cc50000)]
  0x0000000019c6d800 JavaThread "cluster-ClusterId{value='5a701ee66768e7541c5e60f8', description='null'}-192.168.1.110:27017" daemon [_thread_blocked, id=7668, stack(0x000000001c850000,0x000000001c950000)]
  0x00000000194fa000 JavaThread "nioEventLoopGroup-3-1" [_thread_in_Java, id=6500, stack(0x0000000019f70000,0x000000001a070000)]
  0x00000000198c9000 JavaThread "nioEventLoopGroup-2-1" [_thread_in_native, id=8176, stack(0x0000000019e70000,0x0000000019f70000)]
  0x0000000018ae6000 JavaThread "Service Thread" daemon [_thread_blocked, id=4576, stack(0x0000000019270000,0x0000000019370000)]
  0x0000000018a99800 JavaThread "C1 CompilerThread2" daemon [_thread_blocked, id=11212, stack(0x0000000019170000,0x0000000019270000)]
  0x0000000018a34000 JavaThread "C2 CompilerThread1" daemon [_thread_in_native, id=19112, stack(0x0000000019070000,0x0000000019170000)]
=>0x0000000018a38000 JavaThread "C2 CompilerThread0" daemon [_thread_in_native, id=14836, stack(0x0000000018f70000,0x0000000019070000)]
  0x00000000189f0000 JavaThread "Monitor Ctrl-Break" daemon [_thread_in_native, id=4492, stack(0x0000000018e70000,0x0000000018f70000)]
  0x000000001756c800 JavaThread "Attach Listener" daemon [_thread_blocked, id=12392, stack(0x0000000018d70000,0x0000000018e70000)]
  0x0000000017520000 JavaThread "Signal Dispatcher" daemon [_thread_blocked, id=18008, stack(0x0000000018c70000,0x0000000018d70000)]
  0x0000000004eee800 JavaThread "Finalizer" daemon [_thread_blocked, id=5812, stack(0x0000000018770000,0x0000000018870000)]
  0x0000000004ee3000 JavaThread "Reference Handler" daemon [_thread_blocked, id=12528, stack(0x0000000018670000,0x0000000018770000)]
  0x0000000004df3800 JavaThread "main" [_thread_blocked, id=20000, stack(0x00000000047d0000,0x00000000048d0000)]

Other Threads:
  0x00000000174d7800 VMThread [stack: 0x0000000018570000,0x0000000018670000] [id=19648]
  0x0000000018b04000 WatcherThread [stack: 0x0000000019370000,0x0000000019470000] [id=8372]

VM state:not at safepoint (normal execution)

VM Mutex/Monitor currently owned by a thread: None

Heap:
 PSYoungGen      total 65536K, used 58944K [0x00000000eb100000, 0x00000000ef980000, 0x0000000100000000)
  eden space 58368K, 100% used [0x00000000eb100000,0x00000000eea00000,0x00000000eea00000)
  from space 7168K, 8% used [0x00000000ef100000,0x00000000ef190080,0x00000000ef800000)
  to   space 7168K, 0% used [0x00000000eea00000,0x00000000eea00000,0x00000000ef100000)
 ParOldGen       total 34816K, used 16915K [0x00000000c1200000, 0x00000000c3400000, 0x00000000eb100000)
  object space 34816K, 48% used [0x00000000c1200000,0x00000000c2284ec0,0x00000000c3400000)
 Metaspace       used 30506K, capacity 30974K, committed 31488K, reserved 1077248K
  class space    used 3597K, capacity 3770K, committed 3840K, reserved 1048576K

Card table byte_map: [0x00000000142b0000,0x00000000144b0000] byte_map_base: 0x0000000013ca7000

Marking Bits: (ParMarkBitMap*) 0x0000000061e0d850
 Begin Bits: [0x0000000014a00000, 0x00000000159b8000)
 End Bits:   [0x00000000159b8000, 0x0000000016970000)

Polling page: 0x0000000002ec0000

CodeCache: size=245760Kb used=14068Kb max_used=14091Kb free=231691Kb
 bounds [0x0000000004ef0000, 0x0000000005cd0000, 0x0000000013ef0000]
 total_blobs=4440 nmethods=3939 adapters=413
 compilation: enabled

Compilation events (10 events):
Event: 28.892 Thread 0x0000000018a99800 4238       3       java.security.AccessController::getContext (23 bytes)
Event: 28.892 Thread 0x0000000018a99800 nmethod 4238 0x0000000005cb0110 code [0x0000000005cb02a0, 0x0000000005cb0618]
Event: 28.892 Thread 0x0000000018a99800 4239       3       java.security.AccessControlContext::optimize (318 bytes)
Event: 28.894 Thread 0x0000000018a99800 nmethod 4239 0x0000000005cb0b10 code [0x0000000005cb0e60, 0x0000000005cb29b8]
Event: 28.897 Thread 0x0000000018a99800 4241       3       com.sun.org.apache.xerces.internal.impl.XMLVersionDetector::fixupCurrentEntity (203 bytes)
Event: 28.897 Thread 0x0000000018a99800 nmethod 4241 0x0000000005cb3850 code [0x0000000005cb3a00, 0x0000000005cb4028]
Event: 28.913 Thread 0x0000000018a34000 nmethod 4174 0x0000000005cba310 code [0x0000000005cba5c0, 0x0000000005cbd958]
Event: 28.913 Thread 0x0000000018a34000 4190       4       com.sun.org.apache.xpath.internal.compiler.Lexer::tokenize (1077 bytes)
Event: 28.935 Thread 0x0000000018a99800 4244       3       com.mysql.jdbc.Field::isNativeDateTimeType (51 bytes)
Event: 28.935 Thread 0x0000000018a99800 nmethod 4244 0x0000000005cb9e90 code [0x0000000005cba000, 0x0000000005cba290]

GC Heap History (10 events):
Event: 28.149 GC heap before
{Heap before GC invocations=23 (full 1):
 PSYoungGen      total 65536K, used 58816K [0x00000000eb100000, 0x00000000ef980000, 0x0000000100000000)
  eden space 58368K, 100% used [0x00000000eb100000,0x00000000eea00000,0x00000000eea00000)
  from space 7168K, 6% used [0x00000000eea00000,0x00000000eea70050,0x00000000ef100000)
  to   space 7168K, 0% used [0x00000000ef100000,0x00000000ef100000,0x00000000ef800000)
 ParOldGen       total 34816K, used 16455K [0x00000000c1200000, 0x00000000c3400000, 0x00000000eb100000)
  object space 34816K, 47% used [0x00000000c1200000,0x00000000c2211ca8,0x00000000c3400000)
 Metaspace       used 30420K, capacity 30886K, committed 31232K, reserved 1077248K
  class space    used 3595K, capacity 3766K, committed 3840K, reserved 1048576K
Event: 28.151 GC heap after
Heap after GC invocations=23 (full 1):
 PSYoungGen      total 65536K, used 416K [0x00000000eb100000, 0x00000000ef980000, 0x0000000100000000)
  eden space 58368K, 0% used [0x00000000eb100000,0x00000000eb100000,0x00000000eea00000)
  from space 7168K, 5% used [0x00000000ef100000,0x00000000ef168020,0x00000000ef800000)
  to   space 7168K, 0% used [0x00000000eea00000,0x00000000eea00000,0x00000000ef100000)
 ParOldGen       total 34816K, used 16535K [0x00000000c1200000, 0x00000000c3400000, 0x00000000eb100000)
  object space 34816K, 47% used [0x00000000c1200000,0x00000000c2225cc8,0x00000000c3400000)
 Metaspace       used 30420K, capacity 30886K, committed 31232K, reserved 1077248K
  class space    used 3595K, capacity 3766K, committed 3840K, reserved 1048576K
}
Event: 28.260 GC heap before
{Heap before GC invocations=24 (full 1):
 PSYoungGen      total 65536K, used 58784K [0x00000000eb100000, 0x00000000ef980000, 0x0000000100000000)
  eden space 58368K, 100% used [0x00000000eb100000,0x00000000eea00000,0x00000000eea00000)
  from space 7168K, 5% used [0x00000000ef100000,0x00000000ef168020,0x00000000ef800000)
  to   space 7168K, 0% used [0x00000000eea00000,0x00000000eea00000,0x00000000ef100000)
 ParOldGen       total 34816K, used 16535K [0x00000000c1200000, 0x00000000c3400000, 0x00000000eb100000)
  object space 34816K, 47% used [0x00000000c1200000,0x00000000c2225cc8,0x00000000c3400000)
 Metaspace       used 30475K, capacity 30974K, committed 31488K, reserved 1077248K
  class space    used 3597K, capacity 3770K, committed 3840K, reserved 1048576K
Event: 28.263 GC heap after
Heap after GC invocations=24 (full 1):
 PSYoungGen      total 65536K, used 464K [0x00000000eb100000, 0x00000000ef980000, 0x0000000100000000)
  eden space 58368K, 0% used [0x00000000eb100000,0x00000000eb100000,0x00000000eea00000)
  from space 7168K, 6% used [0x00000000eea00000,0x00000000eea74060,0x00000000ef100000)
  to   space 7168K, 0% used [0x00000000ef100000,0x00000000ef100000,0x00000000ef800000)
 ParOldGen       total 34816K, used 16639K [0x00000000c1200000, 0x00000000c3400000, 0x00000000eb100000)
  object space 34816K, 47% used [0x00000000c1200000,0x00000000c223fce8,0x00000000c3400000)
 Metaspace       used 30475K, capacity 30974K, committed 31488K, reserved 1077248K
  class space    used 3597K, capacity 3770K, committed 3840K, reserved 1048576K
}
Event: 28.747 GC heap before
{Heap before GC invocations=25 (full 1):
 PSYoungGen      total 65536K, used 58832K [0x00000000eb100000, 0x00000000ef980000, 0x0000000100000000)
  eden space 58368K, 100% used [0x00000000eb100000,0x00000000eea00000,0x00000000eea00000)
  from space 7168K, 6% used [0x00000000eea00000,0x00000000eea74060,0x00000000ef100000)
  to   space 7168K, 0% used [0x00000000ef100000,0x00000000ef100000,0x00000000ef800000)
 ParOldGen       total 34816K, used 16639K [0x00000000c1200000, 0x00000000c3400000, 0x00000000eb100000)
  object space 34816K, 47% used [0x00000000c1200000,0x00000000c223fce8,0x00000000c3400000)
 Metaspace       used 30488K, capacity 30974K, committed 31488K, reserved 1077248K
  class space    used 3597K, capacity 3770K, committed 3840K, reserved 1048576K
Event: 28.748 GC heap after
Heap after GC invocations=25 (full 1):
 PSYoungGen      total 65536K, used 592K [0x00000000eb100000, 0x00000000ef980000, 0x0000000100000000)
  eden space 58368K, 0% used [0x00000000eb100000,0x00000000eb100000,0x00000000eea00000)
  from space 7168K, 8% used [0x00000000ef100000,0x00000000ef194090,0x00000000ef800000)
  to   space 7168K, 0% used [0x00000000eea00000,0x00000000eea00000,0x00000000ef100000)
 ParOldGen       total 34816K, used 16743K [0x00000000c1200000, 0x00000000c3400000, 0x00000000eb100000)
  object space 34816K, 48% used [0x00000000c1200000,0x00000000c2259d08,0x00000000c3400000)
 Metaspace       used 30488K, capacity 30974K, committed 31488K, reserved 1077248K
  class space    used 3597K, capacity 3770K, committed 3840K, reserved 1048576K
}
Event: 28.827 GC heap before
{Heap before GC invocations=26 (full 1):
 PSYoungGen      total 65536K, used 58960K [0x00000000eb100000, 0x00000000ef980000, 0x0000000100000000)
  eden space 58368K, 100% used [0x00000000eb100000,0x00000000eea00000,0x00000000eea00000)
  from space 7168K, 8% used [0x00000000ef100000,0x00000000ef194090,0x00000000ef800000)
  to   space 7168K, 0% used [0x00000000eea00000,0x00000000eea00000,0x00000000ef100000)
 ParOldGen       total 34816K, used 16743K [0x00000000c1200000, 0x00000000c3400000, 0x00000000eb100000)
  object space 34816K, 48% used [0x00000000c1200000,0x00000000c2259d08,0x00000000c3400000)
 Metaspace       used 30496K, capacity 30974K, committed 31488K, reserved 1077248K
  class space    used 3597K, capacity 3770K, committed 3840K, reserved 1048576K
Event: 28.829 GC heap after
Heap after GC invocations=26 (full 1):
 PSYoungGen      total 65536K, used 400K [0x00000000eb100000, 0x00000000ef980000, 0x0000000100000000)
  eden space 58368K, 0% used [0x00000000eb100000,0x00000000eb100000,0x00000000eea00000)
  from space 7168K, 5% used [0x00000000eea00000,0x00000000eea64010,0x00000000ef100000)
  to   space 7168K, 0% used [0x00000000ef100000,0x00000000ef100000,0x00000000ef800000)
 ParOldGen       total 34816K, used 16831K [0x00000000c1200000, 0x00000000c3400000, 0x00000000eb100000)
  object space 34816K, 48% used [0x00000000c1200000,0x00000000c226fd28,0x00000000c3400000)
 Metaspace       used 30496K, capacity 30974K, committed 31488K, reserved 1077248K
  class space    used 3597K, capacity 3770K, committed 3840K, reserved 1048576K
}
Event: 28.904 GC heap before
{Heap before GC invocations=27 (full 1):
 PSYoungGen      total 65536K, used 58768K [0x00000000eb100000, 0x00000000ef980000, 0x0000000100000000)
  eden space 58368K, 100% used [0x00000000eb100000,0x00000000eea00000,0x00000000eea00000)
  from space 7168K, 5% used [0x00000000eea00000,0x00000000eea64010,0x00000000ef100000)
  to   space 7168K, 0% used [0x00000000ef100000,0x00000000ef100000,0x00000000ef800000)
 ParOldGen       total 34816K, used 16831K [0x00000000c1200000, 0x00000000c3400000, 0x00000000eb100000)
  object space 34816K, 48% used [0x00000000c1200000,0x00000000c226fd28,0x00000000c3400000)
 Metaspace       used 30506K, capacity 30974K, committed 31488K, reserved 1077248K
  class space    used 3597K, capacity 3770K, committed 3840K, reserved 1048576K
Event: 28.907 GC heap after
Heap after GC invocations=27 (full 1):
 PSYoungGen      total 65536K, used 576K [0x00000000eb100000, 0x00000000ef980000, 0x0000000100000000)
  eden space 58368K, 0% used [0x00000000eb100000,0x00000000eb100000,0x00000000eea00000)
  from space 7168K, 8% used [0x00000000ef100000,0x00000000ef190080,0x00000000ef800000)
  to   space 7168K, 0% used [0x00000000eea00000,0x00000000eea00000,0x00000000ef100000)
 ParOldGen       total 34816K, used 16915K [0x00000000c1200000, 0x00000000c3400000, 0x00000000eb100000)
  object space 34816K, 48% used [0x00000000c1200000,0x00000000c2284ec0,0x00000000c3400000)
 Metaspace       used 30506K, capacity 30974K, committed 31488K, reserved 1077248K
  class space    used 3597K, capacity 3770K, committed 3840K, reserved 1048576K
}

Deoptimization events (10 events):
Event: 25.568 Thread 0x00000000194fa000 Uncommon trap: reason=class_check action=maybe_recompile pc=0x000000000539cd78 method=java.util.HashMap.putVal(ILjava/lang/Object;Ljava/lang/Object;ZZ)Ljava/lang/Object; @ 203
Event: 26.216 Thread 0x00000000194fa000 Uncommon trap: reason=class_check action=maybe_recompile pc=0x00000000058c0e20 method=com.sun.org.apache.xerces.internal.dom.NamedNodeMapImpl.item(I)Lorg/w3c/dom/Node; @ 30
Event: 26.216 Thread 0x00000000194fa000 Uncommon trap: reason=class_check action=maybe_recompile pc=0x00000000058c0e20 method=com.sun.org.apache.xerces.internal.dom.NamedNodeMapImpl.item(I)Lorg/w3c/dom/Node; @ 30
Event: 26.216 Thread 0x00000000194fa000 Uncommon trap: reason=class_check action=maybe_recompile pc=0x00000000058c0e20 method=com.sun.org.apache.xerces.internal.dom.NamedNodeMapImpl.item(I)Lorg/w3c/dom/Node; @ 30
Event: 26.216 Thread 0x00000000194fa000 Uncommon trap: reason=class_check action=maybe_recompile pc=0x00000000058c0e20 method=com.sun.org.apache.xerces.internal.dom.NamedNodeMapImpl.item(I)Lorg/w3c/dom/Node; @ 30
Event: 26.249 Thread 0x00000000194fa000 Uncommon trap: reason=null_check action=make_not_entrant pc=0x000000000573525c method=java.util.concurrent.ConcurrentHashMap$TreeBin.<init>(Ljava/util/concurrent/ConcurrentHashMap$TreeNode;)V @ 26
Event: 26.262 Thread 0x00000000194fa000 Uncommon trap: reason=unstable_if action=reinterpret pc=0x000000000554e528 method=java.util.regex.Pattern$BmpCharProperty.match(Ljava/util/regex/Matcher;ILjava/lang/CharSequence;)Z @ 34
Event: 27.763 Thread 0x00000000194fa000 Uncommon trap: reason=null_check action=make_not_entrant pc=0x0000000005b7f2ec method=java.lang.ThreadLocal$ThreadLocalMap.getEntryAfterMiss(Ljava/lang/ThreadLocal;ILjava/lang/ThreadLocal$ThreadLocalMap$Entry;)Ljava/lang/ThreadLocal$ThreadLocalMap$Entry; 
Event: 27.778 Thread 0x00000000194fa000 Uncommon trap: reason=null_check action=make_not_entrant pc=0x0000000005b80de4 method=java.lang.ThreadLocal$ThreadLocalMap.getEntryAfterMiss(Ljava/lang/ThreadLocal;ILjava/lang/ThreadLocal$ThreadLocalMap$Entry;)Ljava/lang/ThreadLocal$ThreadLocalMap$Entry; 
Event: 27.790 Thread 0x00000000194fa000 Uncommon trap: reason=null_check action=make_not_entrant pc=0x0000000005549668 method=java.util.concurrent.ConcurrentHashMap$TreeBin.<init>(Ljava/util/concurrent/ConcurrentHashMap$TreeNode;)V @ 26

Internal exceptions (10 events):
Event: 24.424 Thread 0x00000000194fa000 Exception <a 'java/lang/ClassNotFoundException': vova/domain/PlayerCustomizer> (0x00000000eb7c3898) thrown at [C:\re\workspace\8-2-build-windows-amd64-cygwin\jdk8u151\9699\hotspot\src\share\vm\classfile\systemDictionary.cpp, line 210]
Event: 24.659 Thread 0x00000000194fa000 Exception <a 'java/lang/ClassNotFoundException': vova/domain/payment/PayMentForKeepBeanInfo> (0x00000000ec259608) thrown at [C:\re\workspace\8-2-build-windows-amd64-cygwin\jdk8u151\9699\hotspot\src\share\vm\classfile\systemDictionary.cpp, line 210]
Event: 24.659 Thread 0x00000000194fa000 Exception <a 'java/lang/ClassNotFoundException': vova/domain/payment/PayMentForKeepCustomizer> (0x00000000ec263e68) thrown at [C:\re\workspace\8-2-build-windows-amd64-cygwin\jdk8u151\9699\hotspot\src\share\vm\classfile\systemDictionary.cpp, line 210]
Event: 24.801 Thread 0x00000000194fa000 Implicit null exception at 0x000000000530a51b to 0x000000000530aa49
Event: 24.801 Thread 0x00000000194fa000 Implicit null exception at 0x0000000005186d6f to 0x0000000005186dd9
Event: 25.196 Thread 0x00000000194fa000 Implicit null exception at 0x0000000005486fd5 to 0x00000000054871b1
Event: 26.226 Thread 0x00000000194fa000 Implicit null exception at 0x0000000005734710 to 0x00000000057351f9
Event: 27.763 Thread 0x00000000194fa000 Implicit null exception at 0x0000000005b7f210 to 0x0000000005b7f2c7
Event: 27.778 Thread 0x00000000194fa000 Implicit null exception at 0x0000000005b80d1e to 0x0000000005b80dc1
Event: 27.787 Thread 0x00000000194fa000 Implicit null exception at 0x0000000005548a2e to 0x00000000055495f1

Events (10 events):
Event: 28.980 loading class StayPayDay
Event: 28.980 loading class StayPayDay done
Event: 28.980 loading class StayPayDay
Event: 28.980 loading class StayPayDay done
Event: 28.984 loading class StayPayWeek
Event: 28.984 loading class StayPayWeek done
Event: 28.984 loading class StayPayWeek
Event: 28.984 loading class StayPayWeek done
Event: 28.984 loading class StayPayWeek
Event: 28.984 loading class StayPayWeek done


Dynamic libraries:
0x00007ff60ea70000 - 0x00007ff60eaa7000 	C:\Program Files\Java\jdk\jdk1.8.0_151\bin\java.exe
0x00007ffe20f40000 - 0x00007ffe21120000 	C:\WINDOWS\SYSTEM32\ntdll.dll
0x00007ffe1f0f0000 - 0x00007ffe1f19e000 	C:\WINDOWS\System32\KERNEL32.DLL
0x00007ffe1d450000 - 0x00007ffe1d6b6000 	C:\WINDOWS\System32\KERNELBASE.dll
0x00007ffe1eef0000 - 0x00007ffe1ef91000 	C:\WINDOWS\System32\ADVAPI32.dll
0x00007ffe1efa0000 - 0x00007ffe1f03d000 	C:\WINDOWS\System32\msvcrt.dll
0x00007ffe206d0000 - 0x00007ffe2072b000 	C:\WINDOWS\System32\sechost.dll
0x00007ffe209a0000 - 0x00007ffe20abf000 	C:\WINDOWS\System32\RPCRT4.dll
0x00007ffe1e5d0000 - 0x00007ffe1e75f000 	C:\WINDOWS\System32\USER32.dll
0x00007ffe1d8e0000 - 0x00007ffe1d900000 	C:\WINDOWS\System32\win32u.dll
0x00007ffe1e410000 - 0x00007ffe1e438000 	C:\WINDOWS\System32\GDI32.dll
0x00007ffe1da80000 - 0x00007ffe1dc13000 	C:\WINDOWS\System32\gdi32full.dll
0x00007ffe1dc20000 - 0x00007ffe1dcbb000 	C:\WINDOWS\System32\msvcp_win.dll
0x00007ffe1d900000 - 0x00007ffe1d9f6000 	C:\WINDOWS\System32\ucrtbase.dll
0x00007ffe0f250000 - 0x00007ffe0f4b9000 	C:\WINDOWS\WinSxS\amd64_microsoft.windows.common-controls_6595b64144ccf1df_6.0.16299.192_none_15c8cdae9364c23b\COMCTL32.dll
0x00007ffe1ebe0000 - 0x00007ffe1eee8000 	C:\WINDOWS\System32\combase.dll
0x00007ffe1da00000 - 0x00007ffe1da72000 	C:\WINDOWS\System32\bcryptPrimitives.dll
0x00007ffe206a0000 - 0x00007ffe206cd000 	C:\WINDOWS\System32\IMM32.DLL
0x00000000629d0000 - 0x0000000062aa2000 	C:\Program Files\Java\jdk\jdk1.8.0_151\jre\bin\msvcr100.dll
0x00000000615f0000 - 0x0000000061e8d000 	C:\Program Files\Java\jdk\jdk1.8.0_151\jre\bin\server\jvm.dll
0x00007ffe1e5c0000 - 0x00007ffe1e5c8000 	C:\WINDOWS\System32\PSAPI.DLL
0x00007ffe19dd0000 - 0x00007ffe19dd9000 	C:\WINDOWS\SYSTEM32\WSOCK32.dll
0x00007ffe148c0000 - 0x00007ffe148ca000 	C:\WINDOWS\SYSTEM32\VERSION.dll
0x00007ffe20790000 - 0x00007ffe207fc000 	C:\WINDOWS\System32\WS2_32.dll
0x00007ffe0c260000 - 0x00007ffe0c283000 	C:\WINDOWS\SYSTEM32\WINMM.dll
0x00007ffe0c230000 - 0x00007ffe0c25a000 	C:\WINDOWS\SYSTEM32\winmmbase.dll
0x00007ffe1d6c0000 - 0x00007ffe1d70a000 	C:\WINDOWS\System32\cfgmgr32.dll
0x0000000063710000 - 0x000000006371f000 	C:\Program Files\Java\jdk\jdk1.8.0_151\jre\bin\verify.dll
0x00000000636e0000 - 0x0000000063709000 	C:\Program Files\Java\jdk\jdk1.8.0_151\jre\bin\java.dll
0x00000000629a0000 - 0x00000000629c3000 	C:\Program Files\Java\jdk\jdk1.8.0_151\jre\bin\instrument.dll
0x00000000636c0000 - 0x00000000636d6000 	C:\Program Files\Java\jdk\jdk1.8.0_151\jre\bin\zip.dll
0x00007ffe1f1a0000 - 0x00007ffe205d6000 	C:\WINDOWS\System32\SHELL32.dll
0x00007ffe1e8f0000 - 0x00007ffe1e996000 	C:\WINDOWS\System32\shcore.dll
0x00007ffe1dcc0000 - 0x00007ffe1e407000 	C:\WINDOWS\System32\windows.storage.dll
0x00007ffe20640000 - 0x00007ffe20691000 	C:\WINDOWS\System32\shlwapi.dll
0x00007ffe1d320000 - 0x00007ffe1d331000 	C:\WINDOWS\System32\kernel.appcore.dll
0x00007ffe1d2d0000 - 0x00007ffe1d31c000 	C:\WINDOWS\System32\powrprof.dll
0x00007ffe1d290000 - 0x00007ffe1d2ab000 	C:\WINDOWS\System32\profapi.dll
0x00007ffe18f00000 - 0x00007ffe18f1a000 	C:\Program Files\JetBrains\IntelliJ IDEA 2017.3\bin\breakgen64.dll
0x0000000063530000 - 0x000000006354a000 	C:\Program Files\Java\jdk\jdk1.8.0_151\jre\bin\net.dll
0x00007ffe1cb20000 - 0x00007ffe1cb86000 	C:\WINDOWS\system32\mswsock.dll
0x0000000062980000 - 0x0000000062991000 	C:\Program Files\Java\jdk\jdk1.8.0_151\jre\bin\nio.dll
0x00007ffe1ccf0000 - 0x00007ffe1cd07000 	C:\WINDOWS\SYSTEM32\CRYPTSP.dll
0x00007ffe1c730000 - 0x00007ffe1c763000 	C:\WINDOWS\system32\rsaenh.dll
0x00007ffe1cdf0000 - 0x00007ffe1ce15000 	C:\WINDOWS\SYSTEM32\bcrypt.dll
0x00007ffe1d1c0000 - 0x00007ffe1d1e9000 	C:\WINDOWS\SYSTEM32\USERENV.dll
0x00007ffe1cce0000 - 0x00007ffe1cceb000 	C:\WINDOWS\SYSTEM32\CRYPTBASE.dll
0x00007ffe1c8b0000 - 0x00007ffe1c8e9000 	C:\WINDOWS\SYSTEM32\IPHLPAPI.DLL
0x00007ffe1f040000 - 0x00007ffe1f048000 	C:\WINDOWS\System32\NSI.dll
0x00007ffe18b30000 - 0x00007ffe18b46000 	C:\WINDOWS\SYSTEM32\dhcpcsvc6.DLL
0x00007ffe18aa0000 - 0x00007ffe18aba000 	C:\WINDOWS\SYSTEM32\dhcpcsvc.DLL
0x00000000635d0000 - 0x00000000635dd000 	C:\Program Files\Java\jdk\jdk1.8.0_151\jre\bin\management.dll
0x00007ffe128b0000 - 0x00007ffe128c6000 	C:\WINDOWS\system32\napinsp.dll
0x00007ffe12890000 - 0x00007ffe128aa000 	C:\WINDOWS\system32\pnrpnsp.dll
0x00007ffe19080000 - 0x00007ffe19098000 	C:\WINDOWS\system32\NLAapi.dll
0x00007ffe1c8f0000 - 0x00007ffe1c9a6000 	C:\WINDOWS\SYSTEM32\DNSAPI.dll
0x00007ffe10fa0000 - 0x00007ffe10fae000 	C:\WINDOWS\System32\winrnr.dll
0x0000000062290000 - 0x00000000622b6000 	C:\Program Files\Bonjour\mdnsNSP.dll
0x00007ffe17630000 - 0x00007ffe1763a000 	C:\Windows\System32\rasadhlp.dll
0x00007ffe187e0000 - 0x00007ffe18850000 	C:\WINDOWS\System32\fwpuclnt.dll
0x0000000062840000 - 0x0000000062864000 	C:\Program Files\Java\jdk\jdk1.8.0_151\jre\bin\sunec.dll

VM Arguments:
jvm_args: -javaagent:C:\Program Files\JetBrains\IntelliJ IDEA 2017.3\lib\idea_rt.jar=53495:C:\Program Files\JetBrains\IntelliJ IDEA 2017.3\bin -Dfile.encoding=UTF-8 
java_command: vova.nettydemo.NettyServerTest
java_class_path (initial): C:\Program Files\Java\jdk\jdk1.8.0_151\jre\lib\charsets.jar;C:\Program Files\Java\jdk\jdk1.8.0_151\jre\lib\deploy.jar;C:\Program Files\Java\jdk\jdk1.8.0_151\jre\lib\ext\access-bridge-64.jar;C:\Program Files\Java\jdk\jdk1.8.0_151\jre\lib\ext\cldrdata.jar;C:\Program Files\Java\jdk\jdk1.8.0_151\jre\lib\ext\dnsns.jar;C:\Program Files\Java\jdk\jdk1.8.0_151\jre\lib\ext\jaccess.jar;C:\Program Files\Java\jdk\jdk1.8.0_151\jre\lib\ext\jfxrt.jar;C:\Program Files\Java\jdk\jdk1.8.0_151\jre\lib\ext\localedata.jar;C:\Program Files\Java\jdk\jdk1.8.0_151\jre\lib\ext\nashorn.jar;C:\Program Files\Java\jdk\jdk1.8.0_151\jre\lib\ext\sunec.jar;C:\Program Files\Java\jdk\jdk1.8.0_151\jre\lib\ext\sunjce_provider.jar;C:\Program Files\Java\jdk\jdk1.8.0_151\jre\lib\ext\sunmscapi.jar;C:\Program Files\Java\jdk\jdk1.8.0_151\jre\lib\ext\sunpkcs11.jar;C:\Program Files\Java\jdk\jdk1.8.0_151\jre\lib\ext\zipfs.jar;C:\Program Files\Java\jdk\jdk1.8.0_151\jre\lib\javaws.jar;C:\Program Files\Java\jdk\jdk1.8.0_151\jre\lib\jce.jar;C:\Program Files\Java\jdk\jdk1.8.0_151\jre\lib\jfr.jar;C:\Program Files\Java\jdk\jdk1.8.0_151\jre\lib\jfxswt.jar;C:\Program Files\Java\jdk\jdk1.8.0_151\jre\lib\jsse.jar;C:\Program Files\Java\jdk\jdk1.8.0_151\jre\lib\management-agent.jar;C:\Program Files\Java\jdk\jdk1.8.0_151\jre\lib\plugin.jar;C:\Program Files\Java\jdk\jdk1.8.0_151\jre\lib\resources.jar;C:\Program Files\Java\jdk\jdk1.8.0_151\jre\lib\rt.jar;D:\newTessar\tessar-netty-server\target\classes;C:\Users\xcloud010\.m2\repository\org\springframework\spring-context\5.0.2.RELEASE\spring-context-5.0.2.RELEASE.jar;C:\Users\xcloud010\.m2\repository\org\springframework\spring-aop\5.0.2.RELEASE\spring-aop-5.0.2.RELEASE.jar;C:\Users\xcloud010\.m2\repository\org\springframework\spring-beans\5.0.2.RELEASE\spring-beans-5.0.2.RELEASE.jar;C:\Users\xcloud010\.m2\repository\org\springframework\spring-core\5.0.2.RELEASE\spring-core-5.0.2.RELEASE.jar;C:\Users\xcloud010\.m2\repository\org\springframework\spring-jc
Launcher Type: SUN_STANDARD

Environment Variables:
JAVA_HOME=C:\Program Files\Java\jdk\jdk1.8.0_151
JRE_HOME=C:\Program Files\Java\jre\jre1.8.0_151
PATH=C:\ProgramData\Oracle\Java\javapath;C:\WINDOWS\system32;C:\WINDOWS;C:\WINDOWS\System32\Wbem;C:\WINDOWS\System32\WindowsPowerShell\v1.0\;C:\Program Files\TortoiseSVN\bin;C:\Program Files\MongoDB\Server\3.2\bin;C:\MinGW\bin;D:\Tools\apache-tomcat-7.0.82\bin;C:\Program Files\MySQL\MySQL Server 5.7\bin;D:\ProgramData\Anaconda3;C:\Program Files\Git\cmd;C:\Users\xcloud010\AppData\Local\Microsoft\WindowsApps;C:\Users\xcloud010\AppData\Local\GitHubDesktop\bin;%USERPROFILE%\AppData\Local\Microsoft\WindowsApps;
USERNAME=xcloud010
OS=Windows_NT
PROCESSOR_IDENTIFIER=Intel64 Family 6 Model 60 Stepping 3, GenuineIntel



---------------  S Y S T E M  ---------------

OS: Windows 10.0 , 64 bit Build 16299 (10.0.16299.15)

CPU:total 4 (initial active 4) (2 cores per cpu, 2 threads per core) family 6 model 60 stepping 3, cmov, cx8, fxsr, mmx, sse, sse2, sse3, ssse3, sse4.1, sse4.2, popcnt, avx, avx2, aes, clmul, erms, lzcnt, ht, tsc, tscinvbit, bmi1, bmi2

Memory: 4k page, physical 4118508k(337632k free), swap 11837160k(5168k free)

vm_info: Java HotSpot(TM) 64-Bit Server VM (25.151-b12) for windows-amd64 JRE (1.8.0_151-b12), built on Sep  5 2017 19:33:46 by "java_re" with MS VC++ 10.0 (VS2010)

time: Tue Jan 30 15:29:47 2018
elapsed time: 28 seconds (0d 0h 0m 28s)

