#
# There is insufficient memory for the Java Runtime Environment to continue.
# Native memory allocation (malloc) failed to allocate 1651536 bytes for Chunk::new
# Possible reasons:
#   The system is out of physical RAM or swap space
#   In 32 bit mode, the process size limit was hit
# Possible solutions:
#   Reduce memory load on the system
#   Increase physical memory or swap space
#   Check if swap backing store is full
#   Use 64 bit Java on a 64 bit OS
#   Decrease Java heap size (-Xmx/-Xms)
#   Decrease number of Java threads
#   Decrease Java thread stack sizes (-Xss)
#   Set larger code cache with -XX:ReservedCodeCacheSize=
# This output file may be truncated or incomplete.
#
#  Out of Memory Error (allocation.cpp:390), pid=20160, tid=0x000000000000310c
#
# JRE version: Java(TM) SE Runtime Environment (8.0_151-b12) (build 1.8.0_151-b12)
# Java VM: Java HotSpot(TM) 64-Bit Server VM (25.151-b12 mixed mode windows-amd64 compressed oops)
# Failed to write core dump. Minidumps are not enabled by default on client versions of Windows
#

---------------  T H R E A D  ---------------

Current thread (0x0000000018ead000):  JavaThread "C2 CompilerThread1" daemon [_thread_in_native, id=12556, stack(0x00000000194f0000,0x00000000195f0000)]

Stack: [0x00000000194f0000,0x00000000195f0000]
[error occurred during error reporting (printing stack bounds), id 0xc0000005]

Native frames: (J=compiled Java code, j=interpreted, Vv=VM code, C=native code)


Current CompileTask:
C2:  65503 1925 %     4       org.springframework.asm.ClassReader::readCode @ 1490 (3619 bytes)


---------------  P R O C E S S  ---------------

Java Threads: ( => current thread )
  0x000000001bf74000 JavaThread "CleanCursors-5-thread-1" daemon [_thread_blocked, id=15348, stack(0x000000001dc30000,0x000000001dd30000)]
  0x000000001bf71800 JavaThread "cluster-ClusterId{value='5a701ff76768e74ec03b0c29', description='null'}-192.168.1.110:27017" daemon [_thread_blocked, id=22452, stack(0x000000001db30000,0x000000001dc30000)]
  0x000000001bf73000 JavaThread "CleanCursors-4-thread-1" daemon [_thread_blocked, id=12300, stack(0x000000001da30000,0x000000001db30000)]
  0x000000001bfec800 JavaThread "cluster-ClusterId{value='5a701ff76768e74ec03b0c28', description='null'}-192.168.1.110:27017" daemon [_thread_blocked, id=15416, stack(0x000000001d930000,0x000000001da30000)]
  0x000000001bf7a800 JavaThread "CleanCursors-3-thread-1" daemon [_thread_blocked, id=18068, stack(0x000000001d630000,0x000000001d730000)]
  0x000000001bd3c800 JavaThread "cluster-ClusterId{value='5a701ff76768e74ec03b0c27', description='null'}-192.168.1.110:27017" daemon [_thread_blocked, id=21716, stack(0x000000001d530000,0x000000001d630000)]
  0x000000001bb30800 JavaThread "CleanCursors-2-thread-1" daemon [_thread_blocked, id=20332, stack(0x000000001d430000,0x000000001d530000)]
  0x000000001bb30000 JavaThread "cluster-ClusterId{value='5a701ff76768e74ec03b0c26', description='null'}-192.168.1.110:27017" daemon [_thread_blocked, id=6048, stack(0x000000001d330000,0x000000001d430000)]
  0x000000001bacf000 JavaThread "CleanCursors-1-thread-1" daemon [_thread_blocked, id=5960, stack(0x000000001d130000,0x000000001d230000)]
  0x000000001bac2800 JavaThread "cluster-ClusterId{value='5a701ff66768e74ec03b0c25', description='null'}-192.168.1.110:27017" daemon [_thread_blocked, id=9228, stack(0x000000001ce30000,0x000000001cf30000)]
  0x00000000199fe800 JavaThread "nioEventLoopGroup-3-1" [_thread_in_native, id=17544, stack(0x000000001a750000,0x000000001a850000)]
  0x0000000019da6000 JavaThread "nioEventLoopGroup-2-1" [_thread_in_native, id=11780, stack(0x000000001a220000,0x000000001a320000)]
  0x0000000018f51800 JavaThread "Service Thread" daemon [_thread_blocked, id=14228, stack(0x00000000196f0000,0x00000000197f0000)]
  0x0000000018eaf000 JavaThread "C1 CompilerThread2" daemon [_thread_blocked, id=17032, stack(0x00000000195f0000,0x00000000196f0000)]
=>0x0000000018ead000 JavaThread "C2 CompilerThread1" daemon [_thread_in_native, id=12556, stack(0x00000000194f0000,0x00000000195f0000)]
  0x0000000018e60000 JavaThread "C2 CompilerThread0" daemon [_thread_in_native, id=20676, stack(0x00000000193f0000,0x00000000194f0000)]
  0x0000000018e86000 JavaThread "Monitor Ctrl-Break" daemon [_thread_in_native, id=14484, stack(0x00000000192f0000,0x00000000193f0000)]
  0x0000000017932000 JavaThread "Attach Listener" daemon [_thread_blocked, id=19760, stack(0x00000000191e0000,0x00000000192e0000)]
  0x0000000018cf0800 JavaThread "Signal Dispatcher" daemon [_thread_blocked, id=4612, stack(0x00000000190e0000,0x00000000191e0000)]
  0x000000001790e800 JavaThread "Finalizer" daemon [_thread_blocked, id=16772, stack(0x0000000018b70000,0x0000000018c70000)]
  0x00000000047f6000 JavaThread "Reference Handler" daemon [_thread_blocked, id=9416, stack(0x0000000018a70000,0x0000000018b70000)]
  0x0000000004704800 JavaThread "main" [_thread_blocked, id=14248, stack(0x0000000004160000,0x0000000004260000)]

Other Threads:
  0x00000000178e7000 VMThread [stack: 0x0000000018970000,0x0000000018a70000] [id=13248]
  0x0000000018f83800 WatcherThread [stack: 0x00000000197f0000,0x00000000198f0000] [id=12924]

VM state:not at safepoint (normal execution)

VM Mutex/Monitor currently owned by a thread: None

Heap:
 PSYoungGen      total 76288K, used 38661K [0x00000000e4d80000, 0x00000000ea280000, 0x0000000100000000)
  eden space 65536K, 58% used [0x00000000e4d80000,0x00000000e7341690,0x00000000e8d80000)
  from space 10752K, 0% used [0x00000000e9800000,0x00000000e9800000,0x00000000ea280000)
  to   space 10752K, 0% used [0x00000000e8d80000,0x00000000e8d80000,0x00000000e9800000)
 ParOldGen       total 175104K, used 8783K [0x00000000ae800000, 0x00000000b9300000, 0x00000000e4d80000)
  object space 175104K, 5% used [0x00000000ae800000,0x00000000af093ed0,0x00000000b9300000)
 Metaspace       used 23901K, capacity 24240K, committed 24576K, reserved 1071104K
  class space    used 2950K, capacity 3068K, committed 3072K, reserved 1048576K

Card table byte_map: [0x0000000013bc0000,0x0000000013e50000] byte_map_base: 0x000000001364c000

Marking Bits: (ParMarkBitMap*) 0x0000000061e0d850
 Begin Bits: [0x0000000014410000, 0x0000000015870000)
 End Bits:   [0x0000000015870000, 0x0000000016cd0000)

Polling page: 0x00000000025c0000

CodeCache: size=245760Kb used=7060Kb max_used=7060Kb free=238699Kb
 bounds [0x0000000004800000, 0x0000000004ef0000, 0x0000000013800000]
 total_blobs=2517 nmethods=2086 adapters=343
 compilation: enabled

Compilation events (10 events):
Event: 65.460 Thread 0x0000000018eaf000 2102       3       java.util.Collections$UnmodifiableList::<init> (11 bytes)
Event: 65.460 Thread 0x0000000018eaf000 nmethod 2102 0x0000000004ee3550 code [0x0000000004ee36c0, 0x0000000004ee3a08]
Event: 65.460 Thread 0x0000000018eaf000 2103       3       java.util.LinkedHashMap$LinkedKeyIterator::next (8 bytes)
Event: 65.460 Thread 0x0000000018eaf000 nmethod 2103 0x0000000004ee3b90 code [0x0000000004ee3d00, 0x0000000004ee3fa8]
Event: 65.460 Thread 0x0000000018eaf000 2104       1       com.mongodb.connection.OpCode::getValue (5 bytes)
Event: 65.460 Thread 0x0000000018eaf000 nmethod 2104 0x0000000004ee4050 code [0x0000000004ee41a0, 0x0000000004ee42b0]
Event: 65.460 Thread 0x0000000018eaf000 2105       1       com.mongodb.connection.ReplyHeader::getNumberReturned (5 bytes)
Event: 65.460 Thread 0x0000000018eaf000 nmethod 2105 0x0000000004ee4310 code [0x0000000004ee4460, 0x0000000004ee4570]
Event: 65.485 Thread 0x0000000018eaf000 2106   !   3       java.util.jar.Attributes::read (380 bytes)
Event: 65.487 Thread 0x0000000018eaf000 nmethod 2106 0x0000000004ee4850 code [0x0000000004ee4ca0, 0x0000000004ee7248]

GC Heap History (6 events):
Event: 64.119 GC heap before
{Heap before GC invocations=1 (full 0):
 PSYoungGen      total 76288K, used 65536K [0x00000000e4d80000, 0x00000000ea280000, 0x0000000100000000)
  eden space 65536K, 100% used [0x00000000e4d80000,0x00000000e8d80000,0x00000000e8d80000)
  from space 10752K, 0% used [0x00000000e9800000,0x00000000e9800000,0x00000000ea280000)
  to   space 10752K, 0% used [0x00000000e8d80000,0x00000000e8d80000,0x00000000e9800000)
 ParOldGen       total 175104K, used 0K [0x00000000ae800000, 0x00000000b9300000, 0x00000000e4d80000)
  object space 175104K, 0% used [0x00000000ae800000,0x00000000ae800000,0x00000000b9300000)
 Metaspace       used 18753K, capacity 19012K, committed 19328K, reserved 1067008K
  class space    used 2263K, capacity 2366K, committed 2432K, reserved 1048576K
Event: 64.155 GC heap after
Heap after GC invocations=1 (full 0):
 PSYoungGen      total 76288K, used 10748K [0x00000000e4d80000, 0x00000000ea280000, 0x0000000100000000)
  eden space 65536K, 0% used [0x00000000e4d80000,0x00000000e4d80000,0x00000000e8d80000)
  from space 10752K, 99% used [0x00000000e8d80000,0x00000000e97ff238,0x00000000e9800000)
  to   space 10752K, 0% used [0x00000000e9800000,0x00000000e9800000,0x00000000ea280000)
 ParOldGen       total 175104K, used 2119K [0x00000000ae800000, 0x00000000b9300000, 0x00000000e4d80000)
  object space 175104K, 1% used [0x00000000ae800000,0x00000000aea11e70,0x00000000b9300000)
 Metaspace       used 18753K, capacity 19012K, committed 19328K, reserved 1067008K
  class space    used 2263K, capacity 2366K, committed 2432K, reserved 1048576K
}
Event: 64.626 GC heap before
{Heap before GC invocations=2 (full 0):
 PSYoungGen      total 76288K, used 28854K [0x00000000e4d80000, 0x00000000ea280000, 0x0000000100000000)
  eden space 65536K, 27% used [0x00000000e4d80000,0x00000000e5f2e698,0x00000000e8d80000)
  from space 10752K, 99% used [0x00000000e8d80000,0x00000000e97ff238,0x00000000e9800000)
  to   space 10752K, 0% used [0x00000000e9800000,0x00000000e9800000,0x00000000ea280000)
 ParOldGen       total 175104K, used 2119K [0x00000000ae800000, 0x00000000b9300000, 0x00000000e4d80000)
  object space 175104K, 1% used [0x00000000ae800000,0x00000000aea11e70,0x00000000b9300000)
 Metaspace       used 20716K, capacity 20980K, committed 21296K, reserved 1069056K
  class space    used 2543K, capacity 2630K, committed 2688K, reserved 1048576K
Event: 64.650 GC heap after
Heap after GC invocations=2 (full 0):
 PSYoungGen      total 76288K, used 9001K [0x00000000e4d80000, 0x00000000ea280000, 0x0000000100000000)
  eden space 65536K, 0% used [0x00000000e4d80000,0x00000000e4d80000,0x00000000e8d80000)
  from space 10752K, 83% used [0x00000000e9800000,0x00000000ea0ca740,0x00000000ea280000)
  to   space 10752K, 0% used [0x00000000e8d80000,0x00000000e8d80000,0x00000000e9800000)
 ParOldGen       total 175104K, used 2127K [0x00000000ae800000, 0x00000000b9300000, 0x00000000e4d80000)
  object space 175104K, 1% used [0x00000000ae800000,0x00000000aea13e70,0x00000000b9300000)
 Metaspace       used 20716K, capacity 20980K, committed 21296K, reserved 1069056K
  class space    used 2543K, capacity 2630K, committed 2688K, reserved 1048576K
}
Event: 64.650 GC heap before
{Heap before GC invocations=3 (full 1):
 PSYoungGen      total 76288K, used 9001K [0x00000000e4d80000, 0x00000000ea280000, 0x0000000100000000)
  eden space 65536K, 0% used [0x00000000e4d80000,0x00000000e4d80000,0x00000000e8d80000)
  from space 10752K, 83% used [0x00000000e9800000,0x00000000ea0ca740,0x00000000ea280000)
  to   space 10752K, 0% used [0x00000000e8d80000,0x00000000e8d80000,0x00000000e9800000)
 ParOldGen       total 175104K, used 2127K [0x00000000ae800000, 0x00000000b9300000, 0x00000000e4d80000)
  object space 175104K, 1% used [0x00000000ae800000,0x00000000aea13e70,0x00000000b9300000)
 Metaspace       used 20716K, capacity 20980K, committed 21296K, reserved 1069056K
  class space    used 2543K, capacity 2630K, committed 2688K, reserved 1048576K
Event: 64.704 GC heap after
Heap after GC invocations=3 (full 1):
 PSYoungGen      total 76288K, used 0K [0x00000000e4d80000, 0x00000000ea280000, 0x0000000100000000)
  eden space 65536K, 0% used [0x00000000e4d80000,0x00000000e4d80000,0x00000000e8d80000)
  from space 10752K, 0% used [0x00000000e9800000,0x00000000e9800000,0x00000000ea280000)
  to   space 10752K, 0% used [0x00000000e8d80000,0x00000000e8d80000,0x00000000e9800000)
 ParOldGen       total 175104K, used 8783K [0x00000000ae800000, 0x00000000b9300000, 0x00000000e4d80000)
  object space 175104K, 5% used [0x00000000ae800000,0x00000000af093ed0,0x00000000b9300000)
 Metaspace       used 20716K, capacity 20980K, committed 21296K, reserved 1069056K
  class space    used 2543K, capacity 2630K, committed 2688K, reserved 1048576K
}

Deoptimization events (10 events):
Event: 64.843 Thread 0x00000000199fe800 Uncommon trap: reason=unstable_if action=reinterpret pc=0x0000000004af5408 method=java.util.HashMap.getNode(ILjava/lang/Object;)Ljava/util/HashMap$Node; @ 129
Event: 64.843 Thread 0x00000000199fe800 Uncommon trap: reason=class_check action=maybe_recompile pc=0x0000000004bfbb48 method=java.util.HashMap.putVal(ILjava/lang/Object;Ljava/lang/Object;ZZ)Ljava/lang/Object; @ 203
Event: 64.941 Thread 0x00000000199fe800 Uncommon trap: reason=unstable_if action=reinterpret pc=0x0000000004ae657c method=java.util.HashMap.getNode(ILjava/lang/Object;)Ljava/util/HashMap$Node; @ 129
Event: 64.942 Thread 0x00000000199fe800 Uncommon trap: reason=class_check action=maybe_recompile pc=0x0000000004bfbb48 method=java.util.HashMap.putVal(ILjava/lang/Object;Ljava/lang/Object;ZZ)Ljava/lang/Object; @ 203
Event: 64.942 Thread 0x00000000199fe800 Uncommon trap: reason=class_check action=maybe_recompile pc=0x0000000004bfbb48 method=java.util.HashMap.putVal(ILjava/lang/Object;Ljava/lang/Object;ZZ)Ljava/lang/Object; @ 203
Event: 65.017 Thread 0x00000000199fe800 Uncommon trap: reason=unstable_if action=reinterpret pc=0x0000000004c75260 method=java.util.Arrays.equals([B[B)Z @ 2
Event: 65.092 Thread 0x00000000199fe800 Uncommon trap: reason=class_check action=maybe_recompile pc=0x0000000004be4924 method=java.util.regex.Pattern$Curly.match(Ljava/util/regex/Matcher;ILjava/lang/CharSequence;)Z @ 19
Event: 65.092 Thread 0x00000000199fe800 Uncommon trap: reason=class_check action=maybe_recompile pc=0x0000000004be4924 method=java.util.regex.Pattern$Curly.match(Ljava/util/regex/Matcher;ILjava/lang/CharSequence;)Z @ 19
Event: 65.114 Thread 0x00000000199fe800 Uncommon trap: reason=unstable_if action=reinterpret pc=0x0000000004bb4a30 method=java.lang.CharacterDataLatin1.digit(II)I @ 60
Event: 65.230 Thread 0x00000000199fe800 Uncommon trap: reason=unstable_if action=reinterpret pc=0x0000000004d9064c method=java.util.regex.Pattern$Curly.match(Ljava/util/regex/Matcher;ILjava/lang/CharSequence;)Z @ 45

Internal exceptions (10 events):
Event: 63.008 Thread 0x00000000199fe800 Exception <a 'java/lang/ArrayIndexOutOfBoundsException'> (0x00000000e7122510) thrown at [C:\re\workspace\8-2-build-windows-amd64-cygwin\jdk8u151\9699\hotspot\src\share\vm\runtime\sharedRuntime.cpp, line 605]
Event: 64.601 Thread 0x00000000199fe800 Implicit null exception at 0x0000000004a70a14 to 0x0000000004a70db9
Event: 64.837 Thread 0x00000000199fe800 Exception <a 'java/lang/ArrayIndexOutOfBoundsException'> (0x00000000e56a3088) thrown at [C:\re\workspace\8-2-build-windows-amd64-cygwin\jdk8u151\9699\hotspot\src\share\vm\runtime\sharedRuntime.cpp, line 605]
Event: 64.837 Thread 0x00000000199fe800 Exception <a 'java/lang/ArrayIndexOutOfBoundsException'> (0x00000000e56a4590) thrown at [C:\re\workspace\8-2-build-windows-amd64-cygwin\jdk8u151\9699\hotspot\src\share\vm\runtime\sharedRuntime.cpp, line 605]
Event: 64.851 Thread 0x00000000199fe800 Exception <a 'java/lang/ArrayIndexOutOfBoundsException'> (0x00000000e57439f0) thrown at [C:\re\workspace\8-2-build-windows-amd64-cygwin\jdk8u151\9699\hotspot\src\share\vm\runtime\sharedRuntime.cpp, line 605]
Event: 64.852 Thread 0x00000000199fe800 Exception <a 'java/lang/ArrayIndexOutOfBoundsException'> (0x00000000e5746d60) thrown at [C:\re\workspace\8-2-build-windows-amd64-cygwin\jdk8u151\9699\hotspot\src\share\vm\runtime\sharedRuntime.cpp, line 605]
Event: 64.852 Thread 0x00000000199fe800 Exception <a 'java/lang/ArrayIndexOutOfBoundsException'> (0x00000000e5749a50) thrown at [C:\re\workspace\8-2-build-windows-amd64-cygwin\jdk8u151\9699\hotspot\src\share\vm\runtime\sharedRuntime.cpp, line 605]
Event: 64.852 Thread 0x00000000199fe800 Exception <a 'java/lang/ArrayIndexOutOfBoundsException'> (0x00000000e574c4f0) thrown at [C:\re\workspace\8-2-build-windows-amd64-cygwin\jdk8u151\9699\hotspot\src\share\vm\runtime\sharedRuntime.cpp, line 605]
Event: 65.202 Thread 0x00000000199fe800 Exception <a 'java/lang/ClassNotFoundException': vova/domain/PlayerBeanInfo> (0x00000000e671a450) thrown at [C:\re\workspace\8-2-build-windows-amd64-cygwin\jdk8u151\9699\hotspot\src\share\vm\classfile\systemDictionary.cpp, line 210]
Event: 65.202 Thread 0x00000000199fe800 Exception <a 'java/lang/ClassNotFoundException': vova/domain/PlayerCustomizer> (0x00000000e6722960) thrown at [C:\re\workspace\8-2-build-windows-amd64-cygwin\jdk8u151\9699\hotspot\src\share\vm\classfile\systemDictionary.cpp, line 210]

Events (10 events):
Event: 65.459 loading class vova/domain/newadd/NewAddDay
Event: 65.459 loading class vova/domain/newadd/NewAddDay done
Event: 65.469 loading class vova/domain/newadd/NewAdd
Event: 65.469 loading class vova/domain/newadd/NewAdd done
Event: 65.479 loading class vova/dao/dbsql/EnumSQL
Event: 65.479 loading class vova/dao/dbsql/EnumSQL done
Event: 65.482 loading class org/apache/ibatis/io/Resources
Event: 65.482 loading class org/apache/ibatis/io/Resources done
Event: 65.488 loading class org/apache/ibatis/io/ClassLoaderWrapper
Event: 65.488 loading class org/apache/ibatis/io/ClassLoaderWrapper done


Dynamic libraries:
0x00007ff60ea70000 - 0x00007ff60eaa7000 	C:\Program Files\Java\jdk\jdk1.8.0_151\bin\java.exe
0x00007ffe20f40000 - 0x00007ffe21120000 	C:\WINDOWS\SYSTEM32\ntdll.dll
0x00007ffe1f0f0000 - 0x00007ffe1f19e000 	C:\WINDOWS\System32\KERNEL32.DLL
0x00007ffe1d450000 - 0x00007ffe1d6b6000 	C:\WINDOWS\System32\KERNELBASE.dll
0x00007ffe1eef0000 - 0x00007ffe1ef91000 	C:\WINDOWS\System32\ADVAPI32.dll
0x00007ffe1efa0000 - 0x00007ffe1f03d000 	C:\WINDOWS\System32\msvcrt.dll
0x00007ffe206d0000 - 0x00007ffe2072b000 	C:\WINDOWS\System32\sechost.dll
0x00007ffe209a0000 - 0x00007ffe20abf000 	C:\WINDOWS\System32\RPCRT4.dll
0x00007ffe1e5d0000 - 0x00007ffe1e75f000 	C:\WINDOWS\System32\USER32.dll
0x00007ffe1d8e0000 - 0x00007ffe1d900000 	C:\WINDOWS\System32\win32u.dll
0x00007ffe1e410000 - 0x00007ffe1e438000 	C:\WINDOWS\System32\GDI32.dll
0x00007ffe1da80000 - 0x00007ffe1dc13000 	C:\WINDOWS\System32\gdi32full.dll
0x00007ffe1dc20000 - 0x00007ffe1dcbb000 	C:\WINDOWS\System32\msvcp_win.dll
0x00007ffe1d900000 - 0x00007ffe1d9f6000 	C:\WINDOWS\System32\ucrtbase.dll
0x00007ffe0f250000 - 0x00007ffe0f4b9000 	C:\WINDOWS\WinSxS\amd64_microsoft.windows.common-controls_6595b64144ccf1df_6.0.16299.192_none_15c8cdae9364c23b\COMCTL32.dll
0x00007ffe1ebe0000 - 0x00007ffe1eee8000 	C:\WINDOWS\System32\combase.dll
0x00007ffe1da00000 - 0x00007ffe1da72000 	C:\WINDOWS\System32\bcryptPrimitives.dll
0x00007ffe206a0000 - 0x00007ffe206cd000 	C:\WINDOWS\System32\IMM32.DLL
0x00000000629d0000 - 0x0000000062aa2000 	C:\Program Files\Java\jdk\jdk1.8.0_151\jre\bin\msvcr100.dll
0x00000000615f0000 - 0x0000000061e8d000 	C:\Program Files\Java\jdk\jdk1.8.0_151\jre\bin\server\jvm.dll
0x00007ffe1e5c0000 - 0x00007ffe1e5c8000 	C:\WINDOWS\System32\PSAPI.DLL
0x00007ffe19dd0000 - 0x00007ffe19dd9000 	C:\WINDOWS\SYSTEM32\WSOCK32.dll
0x00007ffe20790000 - 0x00007ffe207fc000 	C:\WINDOWS\System32\WS2_32.dll
0x00007ffe148c0000 - 0x00007ffe148ca000 	C:\WINDOWS\SYSTEM32\VERSION.dll
0x00007ffe0c260000 - 0x00007ffe0c283000 	C:\WINDOWS\SYSTEM32\WINMM.dll
0x00007ffe0c230000 - 0x00007ffe0c25a000 	C:\WINDOWS\SYSTEM32\WINMMBASE.dll
0x00007ffe1d6c0000 - 0x00007ffe1d70a000 	C:\WINDOWS\System32\cfgmgr32.dll
0x0000000063710000 - 0x000000006371f000 	C:\Program Files\Java\jdk\jdk1.8.0_151\jre\bin\verify.dll
0x00000000636e0000 - 0x0000000063709000 	C:\Program Files\Java\jdk\jdk1.8.0_151\jre\bin\java.dll
0x00000000629a0000 - 0x00000000629c3000 	C:\Program Files\Java\jdk\jdk1.8.0_151\jre\bin\instrument.dll
0x00000000636c0000 - 0x00000000636d6000 	C:\Program Files\Java\jdk\jdk1.8.0_151\jre\bin\zip.dll
0x00007ffe1f1a0000 - 0x00007ffe205d6000 	C:\WINDOWS\System32\SHELL32.dll
0x00007ffe1e8f0000 - 0x00007ffe1e996000 	C:\WINDOWS\System32\shcore.dll
0x00007ffe1dcc0000 - 0x00007ffe1e407000 	C:\WINDOWS\System32\windows.storage.dll
0x00007ffe20640000 - 0x00007ffe20691000 	C:\WINDOWS\System32\shlwapi.dll
0x00007ffe1d320000 - 0x00007ffe1d331000 	C:\WINDOWS\System32\kernel.appcore.dll
0x00007ffe1d2d0000 - 0x00007ffe1d31c000 	C:\WINDOWS\System32\powrprof.dll
0x00007ffe1d290000 - 0x00007ffe1d2ab000 	C:\WINDOWS\System32\profapi.dll
0x00007ffe13b80000 - 0x00007ffe13b9a000 	C:\Program Files\JetBrains\IntelliJ IDEA 2017.3\bin\breakgen64.dll
0x0000000063530000 - 0x000000006354a000 	C:\Program Files\Java\jdk\jdk1.8.0_151\jre\bin\net.dll
0x00007ffe1cb20000 - 0x00007ffe1cb86000 	C:\WINDOWS\system32\mswsock.dll
0x0000000062980000 - 0x0000000062991000 	C:\Program Files\Java\jdk\jdk1.8.0_151\jre\bin\nio.dll
0x00007ffe1ccf0000 - 0x00007ffe1cd07000 	C:\WINDOWS\SYSTEM32\CRYPTSP.dll
0x00007ffe1c730000 - 0x00007ffe1c763000 	C:\WINDOWS\system32\rsaenh.dll
0x00007ffe1cdf0000 - 0x00007ffe1ce15000 	C:\WINDOWS\SYSTEM32\bcrypt.dll
0x00007ffe1d1c0000 - 0x00007ffe1d1e9000 	C:\WINDOWS\SYSTEM32\USERENV.dll
0x00007ffe1cce0000 - 0x00007ffe1cceb000 	C:\WINDOWS\SYSTEM32\CRYPTBASE.dll
0x00007ffe1c8b0000 - 0x00007ffe1c8e9000 	C:\WINDOWS\SYSTEM32\IPHLPAPI.DLL
0x00007ffe1f040000 - 0x00007ffe1f048000 	C:\WINDOWS\System32\NSI.dll
0x00007ffe18b30000 - 0x00007ffe18b46000 	C:\WINDOWS\SYSTEM32\dhcpcsvc6.DLL
0x00007ffe18aa0000 - 0x00007ffe18aba000 	C:\WINDOWS\SYSTEM32\dhcpcsvc.DLL
0x00000000635d0000 - 0x00000000635dd000 	C:\Program Files\Java\jdk\jdk1.8.0_151\jre\bin\management.dll
0x00007ffe128b0000 - 0x00007ffe128c6000 	C:\WINDOWS\system32\napinsp.dll
0x00007ffe12890000 - 0x00007ffe128aa000 	C:\WINDOWS\system32\pnrpnsp.dll
0x00007ffe19080000 - 0x00007ffe19098000 	C:\WINDOWS\system32\NLAapi.dll
0x00007ffe1c8f0000 - 0x00007ffe1c9a6000 	C:\WINDOWS\SYSTEM32\DNSAPI.dll
0x00007ffe10fa0000 - 0x00007ffe10fae000 	C:\WINDOWS\System32\winrnr.dll
0x0000000062290000 - 0x00000000622b6000 	C:\Program Files\Bonjour\mdnsNSP.dll
0x00007ffe17630000 - 0x00007ffe1763a000 	C:\Windows\System32\rasadhlp.dll
0x00007ffe187e0000 - 0x00007ffe18850000 	C:\WINDOWS\System32\fwpuclnt.dll
0x0000000062840000 - 0x0000000062864000 	C:\Program Files\Java\jdk\jdk1.8.0_151\jre\bin\sunec.dll

VM Arguments:
jvm_args: -Xms256m -Xmx1303m -XX:PermSize=64m -XX:MaxPermSize=256m -javaagent:C:\Program Files\JetBrains\IntelliJ IDEA 2017.3\lib\idea_rt.jar=53935:C:\Program Files\JetBrains\IntelliJ IDEA 2017.3\bin -Dfile.encoding=UTF-8 
java_command: vova.nettydemo.NettyServerTest
java_class_path (initial): C:\Program Files\Java\jdk\jdk1.8.0_151\jre\lib\charsets.jar;C:\Program Files\Java\jdk\jdk1.8.0_151\jre\lib\deploy.jar;C:\Program Files\Java\jdk\jdk1.8.0_151\jre\lib\ext\access-bridge-64.jar;C:\Program Files\Java\jdk\jdk1.8.0_151\jre\lib\ext\cldrdata.jar;C:\Program Files\Java\jdk\jdk1.8.0_151\jre\lib\ext\dnsns.jar;C:\Program Files\Java\jdk\jdk1.8.0_151\jre\lib\ext\jaccess.jar;C:\Program Files\Java\jdk\jdk1.8.0_151\jre\lib\ext\jfxrt.jar;C:\Program Files\Java\jdk\jdk1.8.0_151\jre\lib\ext\localedata.jar;C:\Program Files\Java\jdk\jdk1.8.0_151\jre\lib\ext\nashorn.jar;C:\Program Files\Java\jdk\jdk1.8.0_151\jre\lib\ext\sunec.jar;C:\Program Files\Java\jdk\jdk1.8.0_151\jre\lib\ext\sunjce_provider.jar;C:\Program Files\Java\jdk\jdk1.8.0_151\jre\lib\ext\sunmscapi.jar;C:\Program Files\Java\jdk\jdk1.8.0_151\jre\lib\ext\sunpkcs11.jar;C:\Program Files\Java\jdk\jdk1.8.0_151\jre\lib\ext\zipfs.jar;C:\Program Files\Java\jdk\jdk1.8.0_151\jre\lib\javaws.jar;C:\Program Files\Java\jdk\jdk1.8.0_151\jre\lib\jce.jar;C:\Program Files\Java\jdk\jdk1.8.0_151\jre\lib\jfr.jar;C:\Program Files\Java\jdk\jdk1.8.0_151\jre\lib\jfxswt.jar;C:\Program Files\Java\jdk\jdk1.8.0_151\jre\lib\jsse.jar;C:\Program Files\Java\jdk\jdk1.8.0_151\jre\lib\management-agent.jar;C:\Program Files\Java\jdk\jdk1.8.0_151\jre\lib\plugin.jar;C:\Program Files\Java\jdk\jdk1.8.0_151\jre\lib\resources.jar;C:\Program Files\Java\jdk\jdk1.8.0_151\jre\lib\rt.jar;D:\newTessar\tessar-netty-server\target\classes;C:\Users\xcloud010\.m2\repository\org\springframework\spring-context\5.0.2.RELEASE\spring-context-5.0.2.RELEASE.jar;C:\Users\xcloud010\.m2\repository\org\springframework\spring-aop\5.0.2.RELEASE\spring-aop-5.0.2.RELEASE.jar;C:\Users\xcloud010\.m2\repository\org\springframework\spring-beans\5.0.2.RELEASE\spring-beans-5.0.2.RELEASE.jar;C:\Users\xcloud010\.m2\repository\org\springframework\spring-core\5.0.2.RELEASE\spring-core-5.0.2.RELEASE.jar;C:\Users\xcloud010\.m2\repository\org\springframework\spring-jc
Launcher Type: SUN_STANDARD

Environment Variables:
JAVA_HOME=C:\Program Files\Java\jdk\jdk1.8.0_151
JRE_HOME=C:\Program Files\Java\jre\jre1.8.0_151
PATH=C:\ProgramData\Oracle\Java\javapath;C:\WINDOWS\system32;C:\WINDOWS;C:\WINDOWS\System32\Wbem;C:\WINDOWS\System32\WindowsPowerShell\v1.0\;C:\Program Files\TortoiseSVN\bin;C:\Program Files\MongoDB\Server\3.2\bin;C:\MinGW\bin;D:\Tools\apache-tomcat-7.0.82\bin;C:\Program Files\MySQL\MySQL Server 5.7\bin;D:\ProgramData\Anaconda3;C:\Program Files\Git\cmd;C:\Users\xcloud010\AppData\Local\Microsoft\WindowsApps;C:\Users\xcloud010\AppData\Local\GitHubDesktop\bin;%USERPROFILE%\AppData\Local\Microsoft\WindowsApps;
USERNAME=xcloud010
OS=Windows_NT
PROCESSOR_IDENTIFIER=Intel64 Family 6 Model 60 Stepping 3, GenuineIntel



---------------  S Y S T E M  ---------------

OS: Windows 10.0 , 64 bit Build 16299 (10.0.16299.15)

CPU:total 4 (initial active 4) (2 cores per cpu, 2 threads per core) family 6 model 60 stepping 3, cmov, cx8, fxsr, mmx, sse, sse2, sse3, ssse3, sse4.1, sse4.2, popcnt, avx, avx2, aes, clmul, erms, lzcnt, ht, tsc, tscinvbit, bmi1, bmi2

Memory: 4k page, physical 4118508k(268492k free), swap 11837160k(5176k free)

vm_info: Java HotSpot(TM) 64-Bit Server VM (25.151-b12) for windows-amd64 JRE (1.8.0_151-b12), built on Sep  5 2017 19:33:46 by "java_re" with MS VC++ 10.0 (VS2010)

time: Tue Jan 30 15:34:15 2018
elapsed time: 65 seconds (0d 0h 1m 5s)

